#
# There is insufficient memory for the Java Runtime Environment to continue.
# Native memory allocation (malloc) failed to allocate 152256 bytes for Chunk::new
# Possible reasons:
#   The system is out of physical RAM or swap space
#   The process is running with CompressedOops enabled, and the Java Heap may be blocking the growth of the native heap
# Possible solutions:
#   Reduce memory load on the system
#   Increase physical memory or swap space
#   Check if swap backing store is full
#   Decrease Java heap size (-Xmx/-Xms)
#   Decrease number of Java threads
#   Decrease Java thread stack sizes (-Xss)
#   Set larger code cache with -XX:ReservedCodeCacheSize=
#   JVM is running with Unscaled Compressed Oops mode in which the Java heap is
#     placed in the first 4GB address space. The Java Heap base address is the
#     maximum limit for the native heap growth. Please use -XX:HeapBaseMinAddress
#     to set the Java Heap base and to place the Java Heap above 4GB virtual address.
# This output file may be truncated or incomplete.
#
#  Out of Memory Error (arena.cpp:189), pid=1592, tid=116
#
# JRE version: Java(TM) SE Runtime Environment (17.0.11+7) (build 17.0.11+7-LTS-207)
# Java VM: Java HotSpot(TM) 64-Bit Server VM (17.0.11+7-LTS-207, mixed mode, sharing, tiered, compressed oops, compressed class ptrs, g1 gc, windows-amd64)
# No core dump will be written. Minidumps are not enabled by default on client versions of Windows
#

---------------  S U M M A R Y ------------

Command Line: -Xmx64m -Xms64m -Dorg.gradle.appname=gradlew org.gradle.wrapper.GradleWrapperMain app:installDebug -PreactNativeDevServerPort=8081

Host: Intel(R) Pentium(R) CPU G3260 @ 3.30GHz, 2 cores, 7G,  Windows 10 , 64 bit Build 19041 (10.0.19041.4957)
Time: Fri Nov  8 15:54:19 2024 India Standard Time elapsed time: 97.925542 seconds (0d 0h 1m 37s)

---------------  T H R E A D  ---------------

Current thread (0x0000026af4a5ace0):  JavaThread "C2 CompilerThread0" daemon [_thread_in_native, id=116, stack(0x00000096d8400000,0x00000096d8500000)]


Current CompileTask:
C2:  97925 1763       4       org.gradle.internal.logging.text.AbstractLineChoppingStyledTextOutput$1::execute (140 bytes)

Stack: [0x00000096d8400000,0x00000096d8500000]
Native frames: (J=compiled Java code, j=interpreted, Vv=VM code, C=native code)
V  [jvm.dll+0x679cca]
V  [jvm.dll+0x7da13d]
V  [jvm.dll+0x7dba83]
V  [jvm.dll+0x7dc0f3]
V  [jvm.dll+0x2449af]
V  [jvm.dll+0xab83b]
V  [jvm.dll+0xabe1c]
V  [jvm.dll+0x3615ae]
V  [jvm.dll+0x32bd61]
V  [jvm.dll+0x32b1fa]
V  [jvm.dll+0x2161df]
V  [jvm.dll+0x21560f]
V  [jvm.dll+0x1a2040]
V  [jvm.dll+0x225a2b]
V  [jvm.dll+0x223bcb]
V  [jvm.dll+0x7903ec]
V  [jvm.dll+0x78a85a]
V  [jvm.dll+0x678bb5]
C  [ucrtbase.dll+0x21bb2]
C  [KERNEL32.DLL+0x17374]
C  [ntdll.dll+0x4cc91]


---------------  P R O C E S S  ---------------

Threads class SMR info:
_java_thread_list=0x0000026af9a8fd40, length=13, elements={
0x0000026aeaf99ce0, 0x0000026aeb060b10, 0x0000026aeb0639a0, 0x0000026af4a55870,
0x0000026aeb06e7d0, 0x0000026af4a59350, 0x0000026af4a59c20, 0x0000026af4a5ace0,
0x0000026af4ac3250, 0x0000026af4acebc0, 0x0000026af9024cf0, 0x0000026af9029880,
0x0000026af99da760
}

Java Threads: ( => current thread )
  0x0000026aeaf99ce0 JavaThread "main" [_thread_in_vm, id=10332, stack(0x00000096d7600000,0x00000096d7700000)]
  0x0000026aeb060b10 JavaThread "Reference Handler" daemon [_thread_blocked, id=11276, stack(0x00000096d7e00000,0x00000096d7f00000)]
  0x0000026aeb0639a0 JavaThread "Finalizer" daemon [_thread_blocked, id=1292, stack(0x00000096d7f00000,0x00000096d8000000)]
  0x0000026af4a55870 JavaThread "Signal Dispatcher" daemon [_thread_blocked, id=6652, stack(0x00000096d8000000,0x00000096d8100000)]
  0x0000026aeb06e7d0 JavaThread "Attach Listener" daemon [_thread_blocked, id=11072, stack(0x00000096d8100000,0x00000096d8200000)]
  0x0000026af4a59350 JavaThread "Service Thread" daemon [_thread_blocked, id=10164, stack(0x00000096d8200000,0x00000096d8300000)]
  0x0000026af4a59c20 JavaThread "Monitor Deflation Thread" daemon [_thread_blocked, id=604, stack(0x00000096d8300000,0x00000096d8400000)]
=>0x0000026af4a5ace0 JavaThread "C2 CompilerThread0" daemon [_thread_in_native, id=116, stack(0x00000096d8400000,0x00000096d8500000)]
  0x0000026af4ac3250 JavaThread "C1 CompilerThread0" daemon [_thread_blocked, id=7704, stack(0x00000096d8500000,0x00000096d8600000)]
  0x0000026af4acebc0 JavaThread "Sweeper thread" daemon [_thread_blocked, id=7424, stack(0x00000096d8600000,0x00000096d8700000)]
  0x0000026af9024cf0 JavaThread "Notification Thread" daemon [_thread_blocked, id=10488, stack(0x00000096d8700000,0x00000096d8800000)]
  0x0000026af9029880 JavaThread "Common-Cleaner" daemon [_thread_blocked, id=5252, stack(0x00000096d8900000,0x00000096d8a00000)]
  0x0000026af99da760 JavaThread "pool-1-thread-1" [_thread_blocked, id=12044, stack(0x00000096d8b00000,0x00000096d8c00000)]

Other Threads:
  0x0000026aeb05beb0 VMThread "VM Thread" [stack: 0x00000096d7d00000,0x00000096d7e00000] [id=11440]
  0x0000026af90295f0 WatcherThread [stack: 0x00000096d8800000,0x00000096d8900000] [id=10088]
  0x0000026aeafb92f0 GCTaskThread "GC Thread#0" [stack: 0x00000096d7800000,0x00000096d7900000] [id=11384]
  0x0000026af92601e0 GCTaskThread "GC Thread#1" [stack: 0x00000096d8a00000,0x00000096d8b00000] [id=4048]
  0x0000026aeafbaa40 ConcurrentGCThread "G1 Main Marker" [stack: 0x00000096d7900000,0x00000096d7a00000] [id=5408]
  0x0000026aeafbb450 ConcurrentGCThread "G1 Conc#0" [stack: 0x00000096d7a00000,0x00000096d7b00000] [id=11980]
  0x0000026aeaffe650 ConcurrentGCThread "G1 Refine#0" [stack: 0x00000096d7b00000,0x00000096d7c00000] [id=8744]
  0x0000026aeafff080 ConcurrentGCThread "G1 Service" [stack: 0x00000096d7c00000,0x00000096d7d00000] [id=10260]

Threads with active compile tasks:
C2 CompilerThread0    97947 1763       4       org.gradle.internal.logging.text.AbstractLineChoppingStyledTextOutput$1::execute (140 bytes)

VM state: not at safepoint (normal execution)

VM Mutex/Monitor currently owned by a thread:  ([mutex/lock_event])
[0x0000026aeaf93e60] Metaspace_lock - owner thread: 0x0000026aeaf99ce0

Heap address: 0x00000000fc000000, size: 64 MB, Compressed Oops mode: 32-bit

CDS archive(s) mapped at: [0x0000026a8f000000-0x0000026a8fbd0000-0x0000026a8fbd0000), size 12386304, SharedBaseAddress: 0x0000026a8f000000, ArchiveRelocationMode: 1.
Compressed class space mapped at: 0x0000026a90000000-0x0000026ad0000000, reserved size: 1073741824
Narrow klass base: 0x0000026a8f000000, Narrow klass shift: 0, Narrow klass range: 0x100000000

GC Precious Log:
 CPUs: 2 total, 2 available
 Memory: 8111M
 Large Page Support: Disabled
 NUMA Support: Disabled
 Compressed Oops: Enabled (32-bit)
 Heap Region Size: 1M
 Heap Min Capacity: 64M
 Heap Initial Capacity: 64M
 Heap Max Capacity: 64M
 Pre-touch: Disabled
 Parallel Workers: 2
 Concurrent Workers: 1
 Concurrent Refinement Workers: 2
 Periodic GC: Disabled

Heap:
 garbage-first heap   total 65536K, used 14829K [0x00000000fc000000, 0x0000000100000000)
  region size 1024K, 7 young (7168K), 5 survivors (5120K)
 Metaspace       used 10212K, committed 10368K, reserved 1114112K
  class space    used 1344K, committed 1408K, reserved 1048576K

Heap Regions: E=young(eden), S=young(survivor), O=old, HS=humongous(starts), HC=humongous(continues), CS=collection set, F=free, OA=open archive, CA=closed archive, TAMS=top-at-mark-start (previous, next)
|   0|0x00000000fc000000, 0x00000000fc100000, 0x00000000fc100000|100%| O|  |TAMS 0x00000000fc000000, 0x00000000fc000000| Untracked 
|   1|0x00000000fc100000, 0x00000000fc200000, 0x00000000fc200000|100%| O|  |TAMS 0x00000000fc100000, 0x00000000fc100000| Untracked 
|   2|0x00000000fc200000, 0x00000000fc300000, 0x00000000fc300000|100%|HS|  |TAMS 0x00000000fc200000, 0x00000000fc200000| Complete 
|   3|0x00000000fc300000, 0x00000000fc400000, 0x00000000fc400000|100%|HC|  |TAMS 0x00000000fc300000, 0x00000000fc300000| Complete 
|   4|0x00000000fc400000, 0x00000000fc500000, 0x00000000fc500000|100%|HC|  |TAMS 0x00000000fc400000, 0x00000000fc400000| Complete 
|   5|0x00000000fc500000, 0x00000000fc600000, 0x00000000fc600000|100%|HC|  |TAMS 0x00000000fc500000, 0x00000000fc500000| Complete 
|   6|0x00000000fc600000, 0x00000000fc700000, 0x00000000fc700000|100%| O|  |TAMS 0x00000000fc600000, 0x00000000fc600000| Untracked 
|   7|0x00000000fc700000, 0x00000000fc800000, 0x00000000fc800000|100%| O|  |TAMS 0x00000000fc700000, 0x00000000fc700000| Untracked 
|   8|0x00000000fc800000, 0x00000000fc87b600, 0x00000000fc900000| 48%| O|  |TAMS 0x00000000fc800000, 0x00000000fc800000| Untracked 
|   9|0x00000000fc900000, 0x00000000fc900000, 0x00000000fca00000|  0%| F|  |TAMS 0x00000000fc900000, 0x00000000fc900000| Untracked 
|  10|0x00000000fca00000, 0x00000000fca00000, 0x00000000fcb00000|  0%| F|  |TAMS 0x00000000fca00000, 0x00000000fca00000| Untracked 
|  11|0x00000000fcb00000, 0x00000000fcb00000, 0x00000000fcc00000|  0%| F|  |TAMS 0x00000000fcb00000, 0x00000000fcb00000| Untracked 
|  12|0x00000000fcc00000, 0x00000000fcc00000, 0x00000000fcd00000|  0%| F|  |TAMS 0x00000000fcc00000, 0x00000000fcc00000| Untracked 
|  13|0x00000000fcd00000, 0x00000000fcd00000, 0x00000000fce00000|  0%| F|  |TAMS 0x00000000fcd00000, 0x00000000fcd00000| Untracked 
|  14|0x00000000fce00000, 0x00000000fce00000, 0x00000000fcf00000|  0%| F|  |TAMS 0x00000000fce00000, 0x00000000fce00000| Untracked 
|  15|0x00000000fcf00000, 0x00000000fcf00000, 0x00000000fd000000|  0%| F|  |TAMS 0x00000000fcf00000, 0x00000000fcf00000| Untracked 
|  16|0x00000000fd000000, 0x00000000fd000000, 0x00000000fd100000|  0%| F|  |TAMS 0x00000000fd000000, 0x00000000fd000000| Untracked 
|  17|0x00000000fd100000, 0x00000000fd100000, 0x00000000fd200000|  0%| F|  |TAMS 0x00000000fd100000, 0x00000000fd100000| Untracked 
|  18|0x00000000fd200000, 0x00000000fd200000, 0x00000000fd300000|  0%| F|  |TAMS 0x00000000fd200000, 0x00000000fd200000| Untracked 
|  19|0x00000000fd300000, 0x00000000fd300000, 0x00000000fd400000|  0%| F|  |TAMS 0x00000000fd300000, 0x00000000fd300000| Untracked 
|  20|0x00000000fd400000, 0x00000000fd400000, 0x00000000fd500000|  0%| F|  |TAMS 0x00000000fd400000, 0x00000000fd400000| Untracked 
|  21|0x00000000fd500000, 0x00000000fd500000, 0x00000000fd600000|  0%| F|  |TAMS 0x00000000fd500000, 0x00000000fd500000| Untracked 
|  22|0x00000000fd600000, 0x00000000fd600000, 0x00000000fd700000|  0%| F|  |TAMS 0x00000000fd600000, 0x00000000fd600000| Untracked 
|  23|0x00000000fd700000, 0x00000000fd800000, 0x00000000fd800000|100%| S|CS|TAMS 0x00000000fd700000, 0x00000000fd700000| Complete 
|  24|0x00000000fd800000, 0x00000000fd900000, 0x00000000fd900000|100%| S|CS|TAMS 0x00000000fd800000, 0x00000000fd800000| Complete 
|  25|0x00000000fd900000, 0x00000000fda00000, 0x00000000fda00000|100%| S|CS|TAMS 0x00000000fd900000, 0x00000000fd900000| Complete 
|  26|0x00000000fda00000, 0x00000000fdb00000, 0x00000000fdb00000|100%| S|CS|TAMS 0x00000000fda00000, 0x00000000fda00000| Complete 
|  27|0x00000000fdb00000, 0x00000000fdc00000, 0x00000000fdc00000|100%| S|CS|TAMS 0x00000000fdb00000, 0x00000000fdb00000| Complete 
|  28|0x00000000fdc00000, 0x00000000fdc00000, 0x00000000fdd00000|  0%| F|  |TAMS 0x00000000fdc00000, 0x00000000fdc00000| Untracked 
|  29|0x00000000fdd00000, 0x00000000fdd00000, 0x00000000fde00000|  0%| F|  |TAMS 0x00000000fdd00000, 0x00000000fdd00000| Untracked 
|  30|0x00000000fde00000, 0x00000000fde00000, 0x00000000fdf00000|  0%| F|  |TAMS 0x00000000fde00000, 0x00000000fde00000| Untracked 
|  31|0x00000000fdf00000, 0x00000000fdf00000, 0x00000000fe000000|  0%| F|  |TAMS 0x00000000fdf00000, 0x00000000fdf00000| Untracked 
|  32|0x00000000fe000000, 0x00000000fe000000, 0x00000000fe100000|  0%| F|  |TAMS 0x00000000fe000000, 0x00000000fe000000| Untracked 
|  33|0x00000000fe100000, 0x00000000fe100000, 0x00000000fe200000|  0%| F|  |TAMS 0x00000000fe100000, 0x00000000fe100000| Untracked 
|  34|0x00000000fe200000, 0x00000000fe200000, 0x00000000fe300000|  0%| F|  |TAMS 0x00000000fe200000, 0x00000000fe200000| Untracked 
|  35|0x00000000fe300000, 0x00000000fe300000, 0x00000000fe400000|  0%| F|  |TAMS 0x00000000fe300000, 0x00000000fe300000| Untracked 
|  36|0x00000000fe400000, 0x00000000fe400000, 0x00000000fe500000|  0%| F|  |TAMS 0x00000000fe400000, 0x00000000fe400000| Untracked 
|  37|0x00000000fe500000, 0x00000000fe500000, 0x00000000fe600000|  0%| F|  |TAMS 0x00000000fe500000, 0x00000000fe500000| Untracked 
|  38|0x00000000fe600000, 0x00000000fe600000, 0x00000000fe700000|  0%| F|  |TAMS 0x00000000fe600000, 0x00000000fe600000| Untracked 
|  39|0x00000000fe700000, 0x00000000fe700000, 0x00000000fe800000|  0%| F|  |TAMS 0x00000000fe700000, 0x00000000fe700000| Untracked 
|  40|0x00000000fe800000, 0x00000000fe800000, 0x00000000fe900000|  0%| F|  |TAMS 0x00000000fe800000, 0x00000000fe800000| Untracked 
|  41|0x00000000fe900000, 0x00000000fe900000, 0x00000000fea00000|  0%| F|  |TAMS 0x00000000fe900000, 0x00000000fe900000| Untracked 
|  42|0x00000000fea00000, 0x00000000fea00000, 0x00000000feb00000|  0%| F|  |TAMS 0x00000000fea00000, 0x00000000fea00000| Untracked 
|  43|0x00000000feb00000, 0x00000000feb00000, 0x00000000fec00000|  0%| F|  |TAMS 0x00000000feb00000, 0x00000000feb00000| Untracked 
|  44|0x00000000fec00000, 0x00000000fec00000, 0x00000000fed00000|  0%| F|  |TAMS 0x00000000fec00000, 0x00000000fec00000| Untracked 
|  45|0x00000000fed00000, 0x00000000fed00000, 0x00000000fee00000|  0%| F|  |TAMS 0x00000000fed00000, 0x00000000fed00000| Untracked 
|  46|0x00000000fee00000, 0x00000000fee00000, 0x00000000fef00000|  0%| F|  |TAMS 0x00000000fee00000, 0x00000000fee00000| Untracked 
|  47|0x00000000fef00000, 0x00000000fef00000, 0x00000000ff000000|  0%| F|  |TAMS 0x00000000fef00000, 0x00000000fef00000| Untracked 
|  48|0x00000000ff000000, 0x00000000ff000000, 0x00000000ff100000|  0%| F|  |TAMS 0x00000000ff000000, 0x00000000ff000000| Untracked 
|  49|0x00000000ff100000, 0x00000000ff100000, 0x00000000ff200000|  0%| F|  |TAMS 0x00000000ff100000, 0x00000000ff100000| Untracked 
|  50|0x00000000ff200000, 0x00000000ff200000, 0x00000000ff300000|  0%| F|  |TAMS 0x00000000ff200000, 0x00000000ff200000| Untracked 
|  51|0x00000000ff300000, 0x00000000ff300000, 0x00000000ff400000|  0%| F|  |TAMS 0x00000000ff300000, 0x00000000ff300000| Untracked 
|  52|0x00000000ff400000, 0x00000000ff400000, 0x00000000ff500000|  0%| F|  |TAMS 0x00000000ff400000, 0x00000000ff400000| Untracked 
|  53|0x00000000ff500000, 0x00000000ff500000, 0x00000000ff600000|  0%| F|  |TAMS 0x00000000ff500000, 0x00000000ff500000| Untracked 
|  54|0x00000000ff600000, 0x00000000ff600000, 0x00000000ff700000|  0%| F|  |TAMS 0x00000000ff600000, 0x00000000ff600000| Untracked 
|  55|0x00000000ff700000, 0x00000000ff700000, 0x00000000ff800000|  0%| F|  |TAMS 0x00000000ff700000, 0x00000000ff700000| Untracked 
|  56|0x00000000ff800000, 0x00000000ff800000, 0x00000000ff900000|  0%| F|  |TAMS 0x00000000ff800000, 0x00000000ff800000| Untracked 
|  57|0x00000000ff900000, 0x00000000ff900000, 0x00000000ffa00000|  0%| F|  |TAMS 0x00000000ff900000, 0x00000000ff900000| Untracked 
|  58|0x00000000ffa00000, 0x00000000ffa00000, 0x00000000ffb00000|  0%| F|  |TAMS 0x00000000ffa00000, 0x00000000ffa00000| Untracked 
|  59|0x00000000ffb00000, 0x00000000ffb00000, 0x00000000ffc00000|  0%| F|  |TAMS 0x00000000ffb00000, 0x00000000ffb00000| Untracked 
|  60|0x00000000ffc00000, 0x00000000ffc00000, 0x00000000ffd00000|  0%| F|  |TAMS 0x00000000ffc00000, 0x00000000ffc00000| Untracked 
|  61|0x00000000ffd00000, 0x00000000ffd00000, 0x00000000ffe00000|  0%| F|  |TAMS 0x00000000ffd00000, 0x00000000ffd00000| Untracked 
|  62|0x00000000ffe00000, 0x00000000ffe80800, 0x00000000fff00000| 50%| E|  |TAMS 0x00000000ffe00000, 0x00000000ffe00000| Complete 
|  63|0x00000000fff00000, 0x0000000100000000, 0x0000000100000000|100%| E|CS|TAMS 0x00000000fff00000, 0x00000000fff00000| Complete 

Card table byte_map: [0x0000026ae8f60000,0x0000026ae8f80000] _byte_map_base: 0x0000026ae8780000

Marking Bits (Prev, Next): (CMBitMap*) 0x0000026aeafb9910, (CMBitMap*) 0x0000026aeafb9950
 Prev Bits: [0x0000026aeab70000, 0x0000026aeac70000)
 Next Bits: [0x0000026aeac70000, 0x0000026aead70000)

Polling page: 0x0000026ae8f10000

Metaspace:

Usage:
  Non-class:      8.66 MB used.
      Class:      1.31 MB used.
       Both:      9.97 MB used.

Virtual space:
  Non-class space:       64.00 MB reserved,       8.75 MB ( 14%) committed,  1 nodes.
      Class space:        1.00 GB reserved,       1.38 MB ( <1%) committed,  1 nodes.
             Both:        1.06 GB reserved,      10.12 MB ( <1%) committed. 

Chunk freelists:
   Non-Class:  6.31 MB
       Class:  14.44 MB
        Both:  20.75 MB

MaxMetaspaceSize: unlimited
CompressedClassSpaceSize: 1.00 GB
Initial GC threshold: 21.00 MB
Current GC threshold: 21.00 MB
CDS: on
MetaspaceReclaimPolicy: balanced
 - commit_granule_bytes: 65536.
 - commit_granule_words: 8192.
 - virtual_space_node_default_size: 8388608.
 - enlarge_chunks_in_place: 1.
 - new_chunks_are_fully_committed: 0.
 - uncommit_free_chunks: 1.
 - use_allocation_guard: 0.
 - handle_deallocations: 1.


Internal statistics:

num_allocs_failed_limit: 0.
num_arena_births: 88.
num_arena_deaths: 0.
num_vsnodes_births: 2.
num_vsnodes_deaths: 0.
num_space_committed: 162.
num_space_uncommitted: 0.
num_chunks_returned_to_freelist: 0.
num_chunks_taken_from_freelist: 369.
num_chunk_merges: 0.
num_chunk_splits: 244.
num_chunks_enlarged: 196.
num_inconsistent_stats: 0.

CodeHeap 'non-profiled nmethods': size=120064Kb used=728Kb max_used=728Kb free=119335Kb
 bounds [0x0000026a87ac0000, 0x0000026a87d30000, 0x0000026a8f000000]
CodeHeap 'profiled nmethods': size=120000Kb used=3511Kb max_used=3511Kb free=116488Kb
 bounds [0x0000026a80000000, 0x0000026a80370000, 0x0000026a87530000]
CodeHeap 'non-nmethods': size=5696Kb used=1180Kb max_used=1195Kb free=4516Kb
 bounds [0x0000026a87530000, 0x0000026a877a0000, 0x0000026a87ac0000]
 total_blobs=2237 nmethods=1756 adapters=395
 compilation: enabled
              stopped_count=0, restarted_count=0
 full_count=0

Compilation events (20 events):
Event: 97.916 Thread 0x0000026af4ac3250 nmethod 1753 0x0000026a8036bd90 code [0x0000026a8036bf20, 0x0000026a8036c038]
Event: 97.917 Thread 0x0000026af4ac3250 1754       3       java.nio.CharBuffer::position (8 bytes)
Event: 97.917 Thread 0x0000026af4ac3250 nmethod 1754 0x0000026a8036c110 code [0x0000026a8036c2a0, 0x0000026a8036c3e8]
Event: 97.917 Thread 0x0000026af4ac3250 1755       3       java.nio.CharBuffer::position (6 bytes)
Event: 97.917 Thread 0x0000026af4ac3250 nmethod 1755 0x0000026a8036c490 code [0x0000026a8036c640, 0x0000026a8036c7e8]
Event: 97.917 Thread 0x0000026af4ac3250 1756       3       java.nio.ByteBuffer::clear (7 bytes)
Event: 97.918 Thread 0x0000026af4ac3250 nmethod 1756 0x0000026a8036c890 code [0x0000026a8036ca20, 0x0000026a8036cb98]
Event: 97.918 Thread 0x0000026af4ac3250 1757       3       java.nio.Buffer::clear (20 bytes)
Event: 97.918 Thread 0x0000026af4ac3250 nmethod 1757 0x0000026a8036cc90 code [0x0000026a8036ce20, 0x0000026a8036cf38]
Event: 97.918 Thread 0x0000026af4ac3250 1758       3       java.nio.ByteBuffer::array (35 bytes)
Event: 97.918 Thread 0x0000026af4ac3250 nmethod 1758 0x0000026a8036d010 code [0x0000026a8036d1e0, 0x0000026a8036d4b8]
Event: 97.918 Thread 0x0000026af4a5ace0 1759       4       org.gradle.internal.logging.text.AbstractLineChoppingStyledTextOutput$StateContext::isCurrentCharEquals (70 bytes)
Event: 97.919 Thread 0x0000026af4ac3250 1760       3       java.nio.Buffer::hasRemaining (17 bytes)
Event: 97.919 Thread 0x0000026af4ac3250 nmethod 1760 0x0000026a8036d610 code [0x0000026a8036d7a0, 0x0000026a8036d918]
Event: 97.919 Thread 0x0000026af4ac3250 1762       3       java.lang.StringCoding::implEncodeAsciiArray (47 bytes)
Event: 97.920 Thread 0x0000026af4a5ace0 nmethod 1759 0x0000026a87b75810 code [0x0000026a87b759a0, 0x0000026a87b75ae8]
Event: 97.920 Thread 0x0000026af4ac3250 nmethod 1762 0x0000026a8036d990 code [0x0000026a8036db40, 0x0000026a8036dd98]
Event: 97.920 Thread 0x0000026af4a5ace0 1761       4       org.gradle.internal.logging.text.AbstractLineChoppingStyledTextOutput$StateContext::hasChar (25 bytes)
Event: 97.920 Thread 0x0000026af4a5ace0 nmethod 1761 0x0000026a87b75c90 code [0x0000026a87b75e00, 0x0000026a87b75e98]
Event: 97.920 Thread 0x0000026af4a5ace0 1763       4       org.gradle.internal.logging.text.AbstractLineChoppingStyledTextOutput$1::execute (140 bytes)

GC Heap History (8 events):
Event: 0.832 GC heap before
{Heap before GC invocations=0 (full 0):
 garbage-first heap   total 65536K, used 6144K [0x00000000fc000000, 0x0000000100000000)
  region size 1024K, 6 young (6144K), 0 survivors (0K)
 Metaspace       used 1614K, committed 1728K, reserved 1114112K
  class space    used 153K, committed 192K, reserved 1048576K
}
Event: 0.939 GC heap after
{Heap after GC invocations=1 (full 0):
 garbage-first heap   total 65536K, used 1217K [0x00000000fc000000, 0x0000000100000000)
  region size 1024K, 1 young (1024K), 1 survivors (1024K)
 Metaspace       used 1614K, committed 1728K, reserved 1114112K
  class space    used 153K, committed 192K, reserved 1048576K
}
Event: 1.359 GC heap before
{Heap before GC invocations=1 (full 0):
 garbage-first heap   total 65536K, used 6337K [0x00000000fc000000, 0x0000000100000000)
  region size 1024K, 7 young (7168K), 1 survivors (1024K)
 Metaspace       used 1649K, committed 1792K, reserved 1114112K
  class space    used 153K, committed 192K, reserved 1048576K
}
Event: 1.363 GC heap after
{Heap after GC invocations=2 (full 0):
 garbage-first heap   total 65536K, used 1508K [0x00000000fc000000, 0x0000000100000000)
  region size 1024K, 1 young (1024K), 1 survivors (1024K)
 Metaspace       used 1649K, committed 1792K, reserved 1114112K
  class space    used 153K, committed 192K, reserved 1048576K
}
Event: 3.841 GC heap before
{Heap before GC invocations=2 (full 0):
 garbage-first heap   total 65536K, used 17892K [0x00000000fc000000, 0x0000000100000000)
  region size 1024K, 14 young (14336K), 1 survivors (1024K)
 Metaspace       used 1874K, committed 1984K, reserved 1114112K
  class space    used 158K, committed 192K, reserved 1048576K
}
Event: 3.846 GC heap after
{Heap after GC invocations=3 (full 0):
 garbage-first heap   total 65536K, used 10399K [0x00000000fc000000, 0x0000000100000000)
  region size 1024K, 2 young (2048K), 2 survivors (2048K)
 Metaspace       used 1874K, committed 1984K, reserved 1114112K
  class space    used 158K, committed 192K, reserved 1048576K
}
Event: 19.517 GC heap before
{Heap before GC invocations=3 (full 0):
 garbage-first heap   total 65536K, used 45215K [0x00000000fc000000, 0x0000000100000000)
  region size 1024K, 36 young (36864K), 2 survivors (2048K)
 Metaspace       used 9846K, committed 10048K, reserved 1114112K
  class space    used 1304K, committed 1408K, reserved 1048576K
}
Event: 19.524 GC heap after
{Heap after GC invocations=4 (full 0):
 garbage-first heap   total 65536K, used 13805K [0x00000000fc000000, 0x0000000100000000)
  region size 1024K, 5 young (5120K), 5 survivors (5120K)
 Metaspace       used 9846K, committed 10048K, reserved 1114112K
  class space    used 1304K, committed 1408K, reserved 1048576K
}

Deoptimization events (20 events):
Event: 9.577 Thread 0x0000026af9c36c50 Uncommon trap: trap_request=0xffffff45 fr.pc=0x0000026a87b63270 relative=0x00000000000000f0
Event: 9.577 Thread 0x0000026af9c36c50 Uncommon trap: reason=unstable_if action=reinterpret pc=0x0000026a87b63270 method=java.lang.String.getBytes([BIIBI)V @ 6 c2
Event: 9.577 Thread 0x0000026af9c36c50 DEOPT PACKING pc=0x0000026a87b63270 sp=0x00000096d8cfe940
Event: 9.577 Thread 0x0000026af9c36c50 DEOPT UNPACKING pc=0x0000026a8758239d sp=0x00000096d8cfe908 mode 2
Event: 19.229 Thread 0x0000026af9c36c50 Uncommon trap: trap_request=0xffffff45 fr.pc=0x0000026a87acc700 relative=0x0000000000000080
Event: 19.229 Thread 0x0000026af9c36c50 Uncommon trap: reason=unstable_if action=reinterpret pc=0x0000026a87acc700 method=java.lang.String.codePointAt(I)I @ 4 c2
Event: 19.229 Thread 0x0000026af9c36c50 DEOPT PACKING pc=0x0000026a87acc700 sp=0x00000096d8cfeaa0
Event: 19.229 Thread 0x0000026af9c36c50 DEOPT UNPACKING pc=0x0000026a8758239d sp=0x00000096d8cfea38 mode 2
Event: 19.233 Thread 0x0000026af9c36c50 Uncommon trap: trap_request=0xffffffde fr.pc=0x0000026a87b2fed8 relative=0x0000000000001118
Event: 19.233 Thread 0x0000026af9c36c50 Uncommon trap: reason=class_check action=maybe_recompile pc=0x0000026a87b2fed8 method=java.util.concurrent.ConcurrentHashMap.putVal(Ljava/lang/Object;Ljava/lang/Object;Z)Ljava/lang/Object; @ 242 c2
Event: 19.233 Thread 0x0000026af9c36c50 DEOPT PACKING pc=0x0000026a87b2fed8 sp=0x00000096d8cfe060
Event: 19.233 Thread 0x0000026af9c36c50 DEOPT UNPACKING pc=0x0000026a8758239d sp=0x00000096d8cfdfd0 mode 2
Event: 19.406 Thread 0x0000026aeaf99ce0 Uncommon trap: trap_request=0xffffff45 fr.pc=0x0000026a87aec0ac relative=0x00000000000001cc
Event: 19.406 Thread 0x0000026aeaf99ce0 Uncommon trap: reason=unstable_if action=reinterpret pc=0x0000026a87aec0ac method=java.util.HashMap.putVal(ILjava/lang/Object;Ljava/lang/Object;ZZ)Ljava/lang/Object; @ 162 c2
Event: 19.406 Thread 0x0000026aeaf99ce0 DEOPT PACKING pc=0x0000026a87aec0ac sp=0x00000096d76fb380
Event: 19.406 Thread 0x0000026aeaf99ce0 DEOPT UNPACKING pc=0x0000026a8758239d sp=0x00000096d76fb2a8 mode 2
Event: 97.914 Thread 0x0000026aeaf99ce0 Uncommon trap: trap_request=0xffffff45 fr.pc=0x0000026a87b54d1c relative=0x000000000000017c
Event: 97.914 Thread 0x0000026aeaf99ce0 Uncommon trap: reason=unstable_if action=reinterpret pc=0x0000026a87b54d1c method=java.net.URI$Parser.scan(IILjava/lang/String;)I @ 26 c2
Event: 97.914 Thread 0x0000026aeaf99ce0 DEOPT PACKING pc=0x0000026a87b54d1c sp=0x00000096d76fd320
Event: 97.914 Thread 0x0000026aeaf99ce0 DEOPT UNPACKING pc=0x0000026a8758239d sp=0x00000096d76fd2b0 mode 2

Classes unloaded (0 events):
No events

Classes redefined (0 events):
No events

Internal exceptions (20 events):
Event: 4.942 Thread 0x0000026aeaf99ce0 Exception <a 'java/lang/NoSuchMethodError'{0x00000000ff615ff0}: 'java.lang.Object java.lang.invoke.Invokers$Holder.invokeExact_MT(java.lang.Object, java.lang.Object, java.lang.Object, java.lang.Object)'> (0x00000000ff615ff0) 
thrown [s\open\src\hotspot\share\interpreter\linkResolver.cpp, line 759]
Event: 4.949 Thread 0x0000026aeaf99ce0 Exception <a 'java/lang/NoSuchMethodError'{0x00000000ff64ffc8}: 'java.lang.Object java.lang.invoke.DirectMethodHandle$Holder.invokeVirtual(java.lang.Object, java.lang.Object, java.lang.Object)'> (0x00000000ff64ffc8) 
thrown [s\open\src\hotspot\share\interpreter\linkResolver.cpp, line 759]
Event: 5.274 Thread 0x0000026aeaf99ce0 Exception <a 'java/lang/NoSuchMethodError'{0x00000000ff36ad70}: 'java.lang.Object java.lang.invoke.DirectMethodHandle$Holder.newInvokeSpecial(java.lang.Object, java.lang.Object, java.lang.Object, java.lang.Object, java.lang.Object)'> (0x00000000ff36ad70) 
thrown [s\open\src\hotspot\share\interpreter\linkResolver.cpp, line 759]
Event: 5.461 Thread 0x0000026aeaf99ce0 Exception <a 'java/lang/NoSuchMethodError'{0x00000000fee957d0}: 'void java.lang.invoke.DirectMethodHandle$Holder.invokeSpecial(java.lang.Object, java.lang.Object, java.lang.Object)'> (0x00000000fee957d0) 
thrown [s\open\src\hotspot\share\interpreter\linkResolver.cpp, line 759]
Event: 5.592 Thread 0x0000026aeaf99ce0 Implicit null exception at 0x0000026a87b1f98f to 0x0000026a87b1fe9c
Event: 5.592 Thread 0x0000026aeaf99ce0 Implicit null exception at 0x0000026a87b0f58c to 0x0000026a87b0faa4
Event: 5.618 Thread 0x0000026aeaf99ce0 Exception <a 'java/lang/NoSuchMethodError'{0x00000000fec0aed8}: 'java.lang.Object java.lang.invoke.DirectMethodHandle$Holder.invokeStaticInit(java.lang.Object)'> (0x00000000fec0aed8) 
thrown [s\open\src\hotspot\share\interpreter\linkResolver.cpp, line 759]
Event: 5.771 Thread 0x0000026aeaf99ce0 Exception <a 'java/lang/NoSuchMethodError'{0x00000000fecae680}: 'int java.lang.invoke.DirectMethodHandle$Holder.invokeVirtual(java.lang.Object, java.lang.Object, java.lang.Object)'> (0x00000000fecae680) 
thrown [s\open\src\hotspot\share\interpreter\linkResolver.cpp, line 759]
Event: 6.033 Thread 0x0000026aeaf99ce0 Exception <a 'java/lang/NoSuchMethodError'{0x00000000fe901ec0}: 'java.lang.Object java.lang.invoke.DirectMethodHandle$Holder.invokeSpecialIFC(java.lang.Object, java.lang.Object, java.lang.Object, java.lang.Object)'> (0x00000000fe901ec0) 
thrown [s\open\src\hotspot\share\interpreter\linkResolver.cpp, line 759]
Event: 6.270 Thread 0x0000026aeaf99ce0 Exception <a 'java/lang/NoSuchMethodError'{0x00000000fe7cb678}: 'java.lang.Object java.lang.invoke.DirectMethodHandle$Holder.invokeStaticInit(java.lang.Object, int, int, int, int)'> (0x00000000fe7cb678) 
thrown [s\open\src\hotspot\share\interpreter\linkResolver.cpp, line 759]
Event: 6.977 Thread 0x0000026aeaf99ce0 Exception <a 'java/lang/NoSuchMethodError'{0x00000000fe7f80c0}: 'java.lang.Object java.lang.invoke.DirectMethodHandle$Holder.invokeStaticInit(java.lang.Object, java.lang.Object, int, int, int, int)'> (0x00000000fe7f80c0) 
thrown [s\open\src\hotspot\share\interpreter\linkResolver.cpp, line 759]
Event: 7.667 Thread 0x0000026aeaf99ce0 Exception <a 'java/lang/NoSuchMethodError'{0x00000000fe629fc8}: 'void java.lang.invoke.DirectMethodHandle$Holder.invokeStatic(java.lang.Object, java.lang.Object, java.lang.Object)'> (0x00000000fe629fc8) 
thrown [s\open\src\hotspot\share\interpreter\linkResolver.cpp, line 759]
Event: 9.043 Thread 0x0000026af9c36c50 Exception <a 'java/lang/NoSuchMethodError'{0x00000000fde10840}: 'void java.lang.invoke.DirectMethodHandle$Holder.invokeStatic(java.lang.Object, long)'> (0x00000000fde10840) 
thrown [s\open\src\hotspot\share\interpreter\linkResolver.cpp, line 759]
Event: 9.044 Thread 0x0000026af9c36c50 Exception <a 'java/lang/NoSuchMethodError'{0x00000000fde16198}: 'java.lang.Object java.lang.invoke.DirectMethodHandle$Holder.newInvokeSpecial(java.lang.Object, long)'> (0x00000000fde16198) 
thrown [s\open\src\hotspot\share\interpreter\linkResolver.cpp, line 759]
Event: 9.051 Thread 0x0000026af9c36c50 Exception <a 'java/lang/NoSuchMethodError'{0x00000000fde21228}: 'java.lang.Object java.lang.invoke.DirectMethodHandle$Holder.invokeStaticInit(java.lang.Object, java.lang.Object, long, java.lang.Object)'> (0x00000000fde21228) 
thrown [s\open\src\hotspot\share\interpreter\linkResolver.cpp, line 759]
Event: 9.052 Thread 0x0000026af9c36c50 Exception <a 'java/lang/NoSuchMethodError'{0x00000000fde278b0}: 'java.lang.Object java.lang.invoke.DirectMethodHandle$Holder.newInvokeSpecial(java.lang.Object, java.lang.Object, long)'> (0x00000000fde278b0) 
thrown [s\open\src\hotspot\share\interpreter\linkResolver.cpp, line 759]
Event: 9.052 Thread 0x0000026af9c36c50 Exception <a 'java/lang/NoSuchMethodError'{0x00000000fde2bba0}: 'java.lang.Object java.lang.invoke.Invokers$Holder.linkToTargetMethod(java.lang.Object, long, java.lang.Object)'> (0x00000000fde2bba0) 
thrown [s\open\src\hotspot\share\interpreter\linkResolver.cpp, line 759]
Event: 97.894 Thread 0x0000026aeaf99ce0 Exception <a 'sun/net/ConnectionResetException'{0x00000000fff45cd8}: Connection reset> (0x00000000fff45cd8) 
thrown [s\open\src\hotspot\share\prims\jni.cpp, line 535]
Event: 97.911 Thread 0x0000026aeaf99ce0 Exception <a 'java/lang/NoSuchMethodError'{0x00000000ffff95d8}: 'int java.lang.invoke.DirectMethodHandle$Holder.invokeVirtual(java.lang.Object, java.lang.Object)'> (0x00000000ffff95d8) 
thrown [s\open\src\hotspot\share\interpreter\linkResolver.cpp, line 759]
Event: 97.915 Thread 0x0000026aeaf99ce0 Exception <a 'java/io/IOException'{0x00000000ffe05720}: Connection reset by peer> (0x00000000ffe05720) 
thrown [s\open\src\hotspot\share\prims\jni.cpp, line 535]

VM Operations (20 events):
Event: 31.681 Executing VM operation: Cleanup
Event: 31.681 Executing VM operation: Cleanup done
Event: 35.714 Executing VM operation: Cleanup
Event: 35.714 Executing VM operation: Cleanup done
Event: 39.733 Executing VM operation: Cleanup
Event: 39.733 Executing VM operation: Cleanup done
Event: 41.752 Executing VM operation: Cleanup
Event: 41.752 Executing VM operation: Cleanup done
Event: 43.597 Executing VM operation: HandshakeAllThreads
Event: 43.597 Executing VM operation: HandshakeAllThreads done
Event: 44.609 Executing VM operation: Cleanup
Event: 44.609 Executing VM operation: Cleanup done
Event: 60.133 Executing VM operation: HandshakeAllThreads
Event: 60.133 Executing VM operation: HandshakeAllThreads done
Event: 73.192 Executing VM operation: Cleanup
Event: 73.192 Executing VM operation: Cleanup done
Event: 75.208 Executing VM operation: Cleanup
Event: 75.208 Executing VM operation: Cleanup done
Event: 84.301 Executing VM operation: Cleanup
Event: 84.301 Executing VM operation: Cleanup done

Events (20 events):
Event: 97.898 loading class sun/nio/fs/WindowsSecurityDescriptor
Event: 97.899 loading class sun/nio/fs/WindowsSecurityDescriptor done
Event: 97.899 loading class sun/nio/fs/WindowsChannelFactory
Event: 97.899 loading class sun/nio/fs/WindowsChannelFactory done
Event: 97.900 loading class sun/nio/fs/WindowsChannelFactory$1
Event: 97.900 loading class sun/nio/fs/WindowsChannelFactory$1 done
Event: 97.900 loading class sun/nio/fs/WindowsChannelFactory$Flags
Event: 97.900 loading class sun/nio/fs/WindowsChannelFactory$Flags done
Event: 97.900 loading class sun/nio/fs/WindowsChannelFactory$2
Event: 97.900 loading class sun/nio/fs/WindowsChannelFactory$2 done
Event: 97.900 loading class sun/nio/ch/FileChannelImpl$Closer
Event: 97.901 loading class sun/nio/ch/FileChannelImpl$Closer done
Event: 97.902 loading class java/util/stream/Streams$1
Event: 97.902 loading class java/util/stream/Streams$1 done
Event: 97.907 loading class java/nio/file/FileChannelLinesSpliterator$1
Event: 97.908 loading class java/nio/file/FileChannelLinesSpliterator$1 done
Event: 97.908 loading class java/nio/channels/Channels
Event: 97.909 loading class java/nio/channels/Channels done
Event: 97.916 loading class java/util/concurrent/ConcurrentLinkedQueue$Itr
Event: 97.916 loading class java/util/concurrent/ConcurrentLinkedQueue$Itr done


Dynamic libraries:
0x00007ff7c1520000 - 0x00007ff7c1530000 	C:\Program Files\Java\jdk-17\bin\java.exe
0x00007fff46cf0000 - 0x00007fff46ee8000 	C:\Windows\SYSTEM32\ntdll.dll
0x00007fff46830000 - 0x00007fff468f2000 	C:\Windows\System32\KERNEL32.DLL
0x00007fff44a10000 - 0x00007fff44d0e000 	C:\Windows\System32\KERNELBASE.dll
0x00007fff44910000 - 0x00007fff44a10000 	C:\Windows\System32\ucrtbase.dll
0x00007fff31cc0000 - 0x00007fff31cd9000 	C:\Program Files\Java\jdk-17\bin\jli.dll
0x00007fff46460000 - 0x00007fff46512000 	C:\Windows\System32\ADVAPI32.dll
0x00007fff465b0000 - 0x00007fff4664e000 	C:\Windows\System32\msvcrt.dll
0x00007fff44d10000 - 0x00007fff44db0000 	C:\Windows\System32\sechost.dll
0x00007fff469e0000 - 0x00007fff46b03000 	C:\Windows\System32\RPCRT4.dll
0x00007fff44710000 - 0x00007fff44737000 	C:\Windows\System32\bcrypt.dll
0x00007fff46b10000 - 0x00007fff46cad000 	C:\Windows\System32\USER32.dll
0x00007fff444f0000 - 0x00007fff44512000 	C:\Windows\System32\win32u.dll
0x00007fff467e0000 - 0x00007fff4680b000 	C:\Windows\System32\GDI32.dll
0x00007fff44740000 - 0x00007fff44857000 	C:\Windows\System32\gdi32full.dll
0x00007fff445b0000 - 0x00007fff4464d000 	C:\Windows\System32\msvcp_win.dll
0x00007fff31ca0000 - 0x00007fff31cbb000 	C:\Program Files\Java\jdk-17\bin\VCRUNTIME140.dll
0x00007fff2f990000 - 0x00007fff2fc2a000 	C:\Windows\WinSxS\amd64_microsoft.windows.common-controls_6595b64144ccf1df_6.0.19041.4355_none_60b8b9eb71f62e16\COMCTL32.dll
0x00007fff349f0000 - 0x00007fff349fa000 	C:\Windows\SYSTEM32\VERSION.dll
0x00007fff46430000 - 0x00007fff4645f000 	C:\Windows\System32\IMM32.DLL
0x00007fff35d80000 - 0x00007fff35d8c000 	C:\Program Files\Java\jdk-17\bin\vcruntime140_1.dll
0x00007ffefa6c0000 - 0x00007ffefa74e000 	C:\Program Files\Java\jdk-17\bin\msvcp140.dll
0x00007ffef88b0000 - 0x00007ffef9490000 	C:\Program Files\Java\jdk-17\bin\server\jvm.dll
0x00007fff46590000 - 0x00007fff46598000 	C:\Windows\System32\PSAPI.DLL
0x00007fff35b00000 - 0x00007fff35b09000 	C:\Windows\SYSTEM32\WSOCK32.dll
0x00007fff463c0000 - 0x00007fff4642b000 	C:\Windows\System32\WS2_32.dll
0x00007fff28ec0000 - 0x00007fff28ee7000 	C:\Windows\SYSTEM32\WINMM.dll
0x00007fff421f0000 - 0x00007fff42202000 	C:\Windows\SYSTEM32\kernel.appcore.dll
0x00007fff340e0000 - 0x00007fff340ea000 	C:\Program Files\Java\jdk-17\bin\jimage.dll
0x00007fff3d5b0000 - 0x00007fff3d794000 	C:\Windows\SYSTEM32\DBGHELP.DLL
0x00007fff3d2d0000 - 0x00007fff3d304000 	C:\Windows\SYSTEM32\dbgcore.DLL
0x00007fff44520000 - 0x00007fff445a2000 	C:\Windows\System32\bcryptPrimitives.dll
0x00007ffefa690000 - 0x00007ffefa6b5000 	C:\Program Files\Java\jdk-17\bin\java.dll
0x00007ffef87d0000 - 0x00007ffef88a7000 	C:\Program Files\Java\jdk-17\bin\jsvml.dll
0x00007fff45aa0000 - 0x00007fff4620f000 	C:\Windows\System32\SHELL32.dll
0x00007fff423f0000 - 0x00007fff42b94000 	C:\Windows\SYSTEM32\windows.storage.dll
0x00007fff45500000 - 0x00007fff45853000 	C:\Windows\System32\combase.dll
0x00007fff43c10000 - 0x00007fff43c3e000 	C:\Windows\SYSTEM32\Wldp.dll
0x00007fff458c0000 - 0x00007fff4598d000 	C:\Windows\System32\OLEAUT32.dll
0x00007fff45450000 - 0x00007fff454fd000 	C:\Windows\System32\SHCORE.dll
0x00007fff45860000 - 0x00007fff458b5000 	C:\Windows\System32\shlwapi.dll
0x00007fff442c0000 - 0x00007fff442e4000 	C:\Windows\SYSTEM32\profapi.dll
0x00007fff31c80000 - 0x00007fff31c99000 	C:\Program Files\Java\jdk-17\bin\net.dll
0x00007fff3e8e0000 - 0x00007fff3e9ed000 	C:\Windows\SYSTEM32\WINHTTP.dll
0x00007fff439f0000 - 0x00007fff43a5a000 	C:\Windows\system32\mswsock.dll
0x00007fff154d0000 - 0x00007fff154e6000 	C:\Program Files\Java\jdk-17\bin\nio.dll
0x00007ffefeb00000 - 0x00007ffefeb18000 	C:\Program Files\Java\jdk-17\bin\zip.dll
0x00007fff3da20000 - 0x00007fff3da30000 	C:\Program Files\Java\jdk-17\bin\verify.dll
0x00007fff2d680000 - 0x00007fff2d6a7000 	C:\Users\admin\.gradle\native\c067742578af261105cb4f569cf0c3c89f3d7b1fecec35dd04571415982c5e48\windows-amd64\native-platform.dll
0x00007fff30c60000 - 0x00007fff30c6a000 	C:\Program Files\Java\jdk-17\bin\management.dll
0x00007fff2d1f0000 - 0x00007fff2d1fb000 	C:\Program Files\Java\jdk-17\bin\management_ext.dll
0x00007fff43f60000 - 0x00007fff43f78000 	C:\Windows\SYSTEM32\CRYPTSP.dll
0x00007fff43330000 - 0x00007fff43364000 	C:\Windows\system32\rsaenh.dll
0x00007fff44280000 - 0x00007fff442ae000 	C:\Windows\SYSTEM32\USERENV.dll
0x00007fff43b80000 - 0x00007fff43b8c000 	C:\Windows\SYSTEM32\CRYPTBASE.dll
0x00007fff436f0000 - 0x00007fff4372b000 	C:\Windows\SYSTEM32\IPHLPAPI.DLL
0x00007fff46520000 - 0x00007fff46528000 	C:\Windows\System32\NSI.dll
0x00007fff3ef70000 - 0x00007fff3ef87000 	C:\Windows\SYSTEM32\dhcpcsvc6.DLL
0x00007fff3ef50000 - 0x00007fff3ef6d000 	C:\Windows\SYSTEM32\dhcpcsvc.DLL
0x00007fff43730000 - 0x00007fff437fa000 	C:\Windows\SYSTEM32\DNSAPI.dll
0x00007fff27b90000 - 0x00007fff27b9e000 	C:\Program Files\Java\jdk-17\bin\sunmscapi.dll
0x00007fff44390000 - 0x00007fff444ec000 	C:\Windows\System32\CRYPT32.dll
0x00007fff43c80000 - 0x00007fff43ca7000 	C:\Windows\SYSTEM32\ncrypt.dll
0x00007fff43c40000 - 0x00007fff43c7b000 	C:\Windows\SYSTEM32\NTASN1.dll
0x00007fff1ed60000 - 0x00007fff1ed67000 	C:\Windows\system32\wshunix.dll

dbghelp: loaded successfully - version: 4.0.5 - missing functions: none
symbol engine: initialized successfully - sym options: 0x614 - pdb path: .;C:\Program Files\Java\jdk-17\bin;C:\Windows\SYSTEM32;C:\Windows\WinSxS\amd64_microsoft.windows.common-controls_6595b64144ccf1df_6.0.19041.4355_none_60b8b9eb71f62e16;C:\Program Files\Java\jdk-17\bin\server;C:\Users\admin\.gradle\native\c067742578af261105cb4f569cf0c3c89f3d7b1fecec35dd04571415982c5e48\windows-amd64

VM Arguments:
jvm_args: -Xmx64m -Xms64m -Dorg.gradle.appname=gradlew 
java_command: org.gradle.wrapper.GradleWrapperMain app:installDebug -PreactNativeDevServerPort=8081
java_class_path (initial): C:\Users\admin\Sanju-Project\ReactNative\Ride\android\\gradle\wrapper\gradle-wrapper.jar
Launcher Type: SUN_STANDARD

[Global flags]
     intx CICompilerCount                          = 2                                         {product} {ergonomic}
     uint ConcGCThreads                            = 1                                         {product} {ergonomic}
     uint G1ConcRefinementThreads                  = 2                                         {product} {ergonomic}
   size_t G1HeapRegionSize                         = 1048576                                   {product} {ergonomic}
    uintx GCDrainStackTargetSize                   = 64                                        {product} {ergonomic}
   size_t InitialHeapSize                          = 67108864                                  {product} {command line}
   size_t MarkStackSize                            = 4194304                                   {product} {ergonomic}
   size_t MaxHeapSize                              = 67108864                                  {product} {command line}
   size_t MaxNewSize                               = 39845888                                  {product} {ergonomic}
   size_t MinHeapDeltaBytes                        = 1048576                                   {product} {ergonomic}
   size_t MinHeapSize                              = 67108864                                  {product} {command line}
    uintx NonNMethodCodeHeapSize                   = 5826188                                {pd product} {ergonomic}
    uintx NonProfiledCodeHeapSize                  = 122916026                              {pd product} {ergonomic}
    uintx ProfiledCodeHeapSize                     = 122916026                              {pd product} {ergonomic}
    uintx ReservedCodeCacheSize                    = 251658240                              {pd product} {ergonomic}
     bool SegmentedCodeCache                       = true                                      {product} {ergonomic}
   size_t SoftMaxHeapSize                          = 67108864                               {manageable} {ergonomic}
     bool UseCompressedClassPointers               = true                           {product lp64_product} {ergonomic}
     bool UseCompressedOops                        = true                           {product lp64_product} {ergonomic}
     bool UseG1GC                                  = true                                      {product} {ergonomic}
     bool UseLargePagesIndividualAllocation        = false                                  {pd product} {ergonomic}

Logging:
Log output configuration:
 #0: stdout all=warning uptime,level,tags
 #1: stderr all=off uptime,level,tags

Environment Variables:
JAVA_HOME=C:\Program Files\Java\jdk-17
CLASSPATH=C:\Users\admin\Sanju-Project\ReactNative\Ride\android\\gradle\wrapper\gradle-wrapper.jar
PATH=C:\Users\admin\Sanju-Project\ReactNative\Ride\node_modules\.bin;C:\Users\admin\Sanju-Project\ReactNative\Ride\node_modules\.bin;C:\Users\admin\Sanju-Project\ReactNative\node_modules\.bin;C:\Users\admin\Sanju-Project\node_modules\.bin;C:\Users\admin\node_modules\.bin;C:\Users\node_modules\.bin;C:\node_modules\.bin;C:\Program Files\nodejs\node_modules\npm\node_modules\@npmcli\run-script\lib\node-gyp-bin;C:\Users\admin\Sanju-Project\ReactNative\Ride\node_modules\.bin;C:\Users\admin\Sanju-Project\ReactNative\Ride\node_modules\.bin;C:\Users\admin\Sanju-Project\ReactNative\node_modules\.bin;C:\Users\admin\Sanju-Project\node_modules\.bin;C:\Users\admin\node_modules\.bin;C:\Users\node_modules\.bin;C:\node_modules\.bin;C:\Program Files\nodejs\node_modules\npm\node_modules\@npmcli\run-script\lib\node-gyp-bin;C:\Program Files\Microsoft\jdk-17.0.12.7-hotspot\bin;C:\Program Files\Common Files\Oracle\Java\javapath;C:\Windows\system32;C:\Windows;C:\Windows\System32\Wbem;C:\Windows\System32\WindowsPowerShell\v1.0\;C:\Windows\System32\OpenSSH\;C:\ProgramData\chocolatey\bin;C:\Program Files\OpenJDK\openjdk-11.0.15_10\bin;C:\Program Files\Git\cmd;C:\Users\admin\AppData\Local\Android\Sdk\platform-tools;C:\Program Files\nodejs\;C:\Users\admin\AppData\Local\Android\Sdk\tools;C:\Users\admin\AppData\Local\jdk-11.0.2\bin;C:\Users\admin\AppData\Local\Microsoft\WindowsApps;C:\Users\admin\AppData\Local\Programs\Microsoft VS Code\bin;C:\Users\admin\AppData\Local\Android\Sdk\platform-tools;C:\MinGW\bin;C:\Users\admin\AppData\Roaming\npm
USERNAME=admin
LANG=en_US.UTF-8
OS=Windows_NT
PROCESSOR_IDENTIFIER=Intel64 Family 6 Model 60 Stepping 3, GenuineIntel



---------------  S Y S T E M  ---------------

OS:
 Windows 10 , 64 bit Build 19041 (10.0.19041.4957)
OS uptime: 0 days 4:42 hours
Hyper-V role detected

CPU: total 2 (initial active 2) (2 cores per cpu, 1 threads per core) family 6 model 60 stepping 3 microcode 0x27, cx8, cmov, fxsr, mmx, sse, sse2, sse3, ssse3, sse4.1, sse4.2, popcnt, lzcnt, tsc, tscinvbit, erms, clmul, clflush, hv

Memory: 4k page, system-wide physical 8111M (362M free)
TotalPageFile size 10546M (AvailPageFile size 0M)
current process WorkingSet (physical memory assigned to process): 106M, peak: 107M
current process commit charge ("private bytes"): 152M, peak: 158M

vm_info: Java HotSpot(TM) 64-Bit Server VM (17.0.11+7-LTS-207) for windows-amd64 JRE (17.0.11+7-LTS-207), built on Mar 11 2024 19:01:50 by "mach5one" with MS VC++ 17.6 (VS2022)

END.
