#
# There is insufficient memory for the Java Runtime Environment to continue.
# Native memory allocation (mmap) failed to map 65536 bytes for Failed to commit metaspace.
# Possible reasons:
#   The system is out of physical RAM or swap space
#   The process is running with CompressedOops enabled, and the Java Heap may be blocking the growth of the native heap
# Possible solutions:
#   Reduce memory load on the system
#   Increase physical memory or swap space
#   Check if swap backing store is full
#   Decrease Java heap size (-Xmx/-Xms)
#   Decrease number of Java threads
#   Decrease Java thread stack sizes (-Xss)
#   Set larger code cache with -XX:ReservedCodeCacheSize=
#   JVM is running with Unscaled Compressed Oops mode in which the Java heap is
#     placed in the first 4GB address space. The Java Heap base address is the
#     maximum limit for the native heap growth. Please use -XX:HeapBaseMinAddress
#     to set the Java Heap base and to place the Java Heap above 4GB virtual address.
# This output file may be truncated or incomplete.
#
#  Out of Memory Error (virtualSpaceNode.cpp:110), pid=1704, tid=1164
#
# JRE version: Java(TM) SE Runtime Environment (17.0.11+7) (build 17.0.11+7-LTS-207)
# Java VM: Java HotSpot(TM) 64-Bit Server VM (17.0.11+7-LTS-207, mixed mode, sharing, tiered, compressed oops, compressed class ptrs, g1 gc, windows-amd64)
# No core dump will be written. Minidumps are not enabled by default on client versions of Windows
#

---------------  S U M M A R Y ------------

Command Line: -Xmx64m -Xms64m -Dorg.gradle.appname=gradlew org.gradle.wrapper.GradleWrapperMain app:installDebug -PreactNativeDevServerPort=8081

Host: Intel(R) Pentium(R) CPU G3260 @ 3.30GHz, 2 cores, 7G,  Windows 10 , 64 bit Build 19041 (10.0.19041.4957)
Time: Fri Nov  8 15:54:19 2024 India Standard Time elapsed time: 93.655988 seconds (0d 0h 1m 33s)

---------------  T H R E A D  ---------------

Current thread (0x000002b720da9ce0):  JavaThread "main" [_thread_in_vm, id=1164, stack(0x000000df88e00000,0x000000df88f00000)]

Stack: [0x000000df88e00000,0x000000df88f00000]
Native frames: (J=compiled Java code, j=interpreted, Vv=VM code, C=native code)
V  [jvm.dll+0x679cca]
V  [jvm.dll+0x7da13d]
V  [jvm.dll+0x7dba83]
V  [jvm.dll+0x7dc0f3]
V  [jvm.dll+0x2449af]
V  [jvm.dll+0x7d5d0b]
V  [jvm.dll+0x6200b6]
V  [jvm.dll+0x62011a]
V  [jvm.dll+0x62293d]
V  [jvm.dll+0x620a76]
V  [jvm.dll+0x2422dc]
V  [jvm.dll+0x6d079d]
V  [jvm.dll+0x6d116f]
V  [jvm.dll+0x36dd25]
V  [jvm.dll+0x75523c]
V  [jvm.dll+0x7550aa]
V  [jvm.dll+0x40d253]
V  [jvm.dll+0x42169c]
C  [java.dll+0x1657]

Java frames: (J=compiled Java code, j=interpreted, Vv=VM code)
j  java.lang.ClassLoader.defineClass0(Ljava/lang/ClassLoader;Ljava/lang/Class;Ljava/lang/String;[BIILjava/security/ProtectionDomain;ZILjava/lang/Object;)Ljava/lang/Class;+0 java.base@17.0.11
j  java.lang.System$2.defineClass(Ljava/lang/ClassLoader;Ljava/lang/Class;Ljava/lang/String;[BLjava/security/ProtectionDomain;ZILjava/lang/Object;)Ljava/lang/Class;+17 java.base@17.0.11
j  java.lang.invoke.MethodHandles$Lookup$ClassDefiner.defineClass(ZLjava/lang/Object;)Ljava/lang/Class;+54 java.base@17.0.11
j  java.lang.invoke.MethodHandles$Lookup$ClassDefiner.defineClassAsLookup(Z)Ljava/lang/invoke/MethodHandles$Lookup;+3 java.base@17.0.11
j  java.lang.invoke.MethodHandles$Lookup.defineHiddenClass([BZ[Ljava/lang/invoke/MethodHandles$Lookup$ClassOption;)Ljava/lang/invoke/MethodHandles$Lookup;+65 java.base@17.0.11
j  java.lang.invoke.InnerClassLambdaMetafactory.generateInnerClass()Ljava/lang/Class;+580 java.base@17.0.11
j  java.lang.invoke.InnerClassLambdaMetafactory.spinInnerClass()Ljava/lang/Class;+114 java.base@17.0.11
j  java.lang.invoke.InnerClassLambdaMetafactory.buildCallSite()Ljava/lang/invoke/CallSite;+1 java.base@17.0.11
j  java.lang.invoke.LambdaMetafactory.metafactory(Ljava/lang/invoke/MethodHandles$Lookup;Ljava/lang/String;Ljava/lang/invoke/MethodType;Ljava/lang/invoke/MethodType;Ljava/lang/invoke/MethodHandle;Ljava/lang/invoke/MethodType;)Ljava/lang/invoke/CallSite;+67 java.base@17.0.11
j  java.lang.invoke.DirectMethodHandle$Holder.invokeStatic(Ljava/lang/Object;Ljava/lang/Object;Ljava/lang/Object;Ljava/lang/Object;Ljava/lang/Object;Ljava/lang/Object;Ljava/lang/Object;)Ljava/lang/Object;+20 java.base@17.0.11
j  java.lang.invoke.Invokers$Holder.invokeExact_MT(Ljava/lang/Object;Ljava/lang/Object;Ljava/lang/Object;Ljava/lang/Object;Ljava/lang/Object;Ljava/lang/Object;Ljava/lang/Object;Ljava/lang/Object;)Ljava/lang/Object;+28 java.base@17.0.11
j  java.lang.invoke.BootstrapMethodInvoker.invoke(Ljava/lang/Class;Ljava/lang/invoke/MethodHandle;Ljava/lang/String;Ljava/lang/Object;Ljava/lang/Object;Ljava/lang/Class;)Ljava/lang/Object;+319 java.base@17.0.11
j  java.lang.invoke.CallSite.makeSite(Ljava/lang/invoke/MethodHandle;Ljava/lang/String;Ljava/lang/invoke/MethodType;Ljava/lang/Object;Ljava/lang/Class;)Ljava/lang/invoke/CallSite;+8 java.base@17.0.11
j  java.lang.invoke.MethodHandleNatives.linkCallSiteImpl(Ljava/lang/Class;Ljava/lang/invoke/MethodHandle;Ljava/lang/String;Ljava/lang/invoke/MethodType;Ljava/lang/Object;[Ljava/lang/Object;)Ljava/lang/invoke/MemberName;+6 java.base@17.0.11
j  java.lang.invoke.MethodHandleNatives.linkCallSite(Ljava/lang/Object;ILjava/lang/Object;Ljava/lang/Object;Ljava/lang/Object;Ljava/lang/Object;[Ljava/lang/Object;)Ljava/lang/invoke/MemberName;+46 java.base@17.0.11
v  ~StubRoutines::call_stub
j  java.nio.file.Files.createFileChannelLinesStream(Ljava/nio/channels/FileChannel;Ljava/nio/charset/Charset;)Ljava/util/stream/Stream;+53 java.base@17.0.11
j  java.nio.file.Files.lines(Ljava/nio/file/Path;Ljava/nio/charset/Charset;)Ljava/util/stream/Stream;+44 java.base@17.0.11
j  org.gradle.launcher.daemon.diagnostics.DaemonLogFileUtils.tail(Ljava/io/File;I)Ljava/lang/String;+7
j  org.gradle.launcher.daemon.diagnostics.DaemonDiagnostics.tailDaemonLog()Ljava/lang/String;+6
j  org.gradle.launcher.daemon.diagnostics.DaemonDiagnostics.describe()Ljava/lang/String;+37
j  org.gradle.launcher.daemon.client.DaemonClient.handleDaemonDisappearance(Lorg/gradle/launcher/daemon/protocol/Build;Lorg/gradle/launcher/daemon/diagnostics/DaemonDiagnostics;)Lorg/gradle/launcher/daemon/protocol/Result;+15
j  org.gradle.launcher.daemon.client.DaemonClient.monitorBuild(Lorg/gradle/launcher/daemon/protocol/Build;Lorg/gradle/launcher/daemon/diagnostics/DaemonDiagnostics;Lorg/gradle/launcher/daemon/client/DaemonClientConnection;Lorg/gradle/initialization/BuildCancellationToken;Lorg/gradle/initialization/BuildEventConsumer;)Ljava/lang/Object;+105
j  org.gradle.launcher.daemon.client.DaemonClient.executeBuild(Lorg/gradle/launcher/daemon/protocol/Build;Lorg/gradle/launcher/daemon/client/DaemonClientConnection;Lorg/gradle/initialization/BuildCancellationToken;Lorg/gradle/initialization/BuildEventConsumer;)Lorg/gradle/launcher/exec/BuildActionResult;+128
j  org.gradle.launcher.daemon.client.DaemonClient.execute(Lorg/gradle/internal/invocation/BuildAction;Lorg/gradle/launcher/exec/BuildActionParameters;Lorg/gradle/internal/daemon/client/execution/ClientBuildRequestContext;)Lorg/gradle/launcher/exec/BuildActionResult;+256
j  org.gradle.launcher.daemon.client.DaemonClient.execute(Lorg/gradle/internal/invocation/BuildAction;Ljava/lang/Object;Ljava/lang/Object;)Lorg/gradle/launcher/exec/BuildActionResult;+10
j  org.gradle.launcher.cli.RunBuildAction.run()V+67
j  org.gradle.internal.Actions$RunnableActionAdapter.execute(Ljava/lang/Object;)V+4
j  org.gradle.launcher.cli.DefaultCommandLineActionFactory$ParseAndBuildAction.execute(Lorg/gradle/launcher/bootstrap/ExecutionListener;)V+125
j  org.gradle.launcher.cli.DefaultCommandLineActionFactory$ParseAndBuildAction.execute(Ljava/lang/Object;)V+5
j  org.gradle.launcher.cli.DebugLoggerWarningAction.execute(Lorg/gradle/launcher/bootstrap/ExecutionListener;)V+9
j  org.gradle.launcher.cli.DebugLoggerWarningAction.execute(Ljava/lang/Object;)V+5
j  org.gradle.launcher.cli.WelcomeMessageAction.execute(Lorg/gradle/launcher/bootstrap/ExecutionListener;)V+218
j  org.gradle.launcher.cli.WelcomeMessageAction.execute(Ljava/lang/Object;)V+5
j  org.gradle.launcher.cli.NativeServicesInitializingAction.execute(Lorg/gradle/launcher/bootstrap/ExecutionListener;)V+38
j  org.gradle.launcher.cli.NativeServicesInitializingAction.execute(Ljava/lang/Object;)V+5
j  org.gradle.launcher.cli.ExceptionReportingAction.execute(Lorg/gradle/launcher/bootstrap/ExecutionListener;)V+5
j  org.gradle.launcher.cli.ExceptionReportingAction.execute(Ljava/lang/Object;)V+5
j  org.gradle.launcher.cli.DefaultCommandLineActionFactory$WithLogging.execute(Lorg/gradle/launcher/bootstrap/ExecutionListener;)V+309
j  org.gradle.launcher.Main.doAction([Ljava/lang/String;Lorg/gradle/launcher/bootstrap/ExecutionListener;)V+14
j  org.gradle.launcher.bootstrap.EntryPoint.run([Ljava/lang/String;)V+12
v  ~StubRoutines::call_stub
j  jdk.internal.reflect.NativeMethodAccessorImpl.invoke0(Ljava/lang/reflect/Method;Ljava/lang/Object;[Ljava/lang/Object;)Ljava/lang/Object;+0 java.base@17.0.11
j  jdk.internal.reflect.NativeMethodAccessorImpl.invoke(Ljava/lang/Object;[Ljava/lang/Object;)Ljava/lang/Object;+133 java.base@17.0.11
j  jdk.internal.reflect.DelegatingMethodAccessorImpl.invoke(Ljava/lang/Object;[Ljava/lang/Object;)Ljava/lang/Object;+6 java.base@17.0.11
j  java.lang.reflect.Method.invoke(Ljava/lang/Object;[Ljava/lang/Object;)Ljava/lang/Object;+59 java.base@17.0.11
j  org.gradle.launcher.bootstrap.ProcessBootstrap.runNoExit(Ljava/lang/String;Ljava/lang/String;Ljava/lang/String;[Ljava/lang/String;)V+205
j  org.gradle.launcher.bootstrap.ProcessBootstrap.run(Ljava/lang/String;Ljava/lang/String;Ljava/lang/String;[Ljava/lang/String;)V+4
j  org.gradle.launcher.GradleMain.main([Ljava/lang/String;)V+68
v  ~StubRoutines::call_stub
j  jdk.internal.reflect.NativeMethodAccessorImpl.invoke0(Ljava/lang/reflect/Method;Ljava/lang/Object;[Ljava/lang/Object;)Ljava/lang/Object;+0 java.base@17.0.11
j  jdk.internal.reflect.NativeMethodAccessorImpl.invoke(Ljava/lang/Object;[Ljava/lang/Object;)Ljava/lang/Object;+133 java.base@17.0.11
j  jdk.internal.reflect.DelegatingMethodAccessorImpl.invoke(Ljava/lang/Object;[Ljava/lang/Object;)Ljava/lang/Object;+6 java.base@17.0.11
j  java.lang.reflect.Method.invoke(Ljava/lang/Object;[Ljava/lang/Object;)Ljava/lang/Object;+59 java.base@17.0.11
j  org.gradle.wrapper.GradleWrapperMain.main([Ljava/lang/String;)V+1826
v  ~StubRoutines::call_stub

---------------  P R O C E S S  ---------------

Threads class SMR info:
_java_thread_list=0x000002b739b387b0, length=13, elements={
0x000002b720da9ce0, 0x000002b720e70b10, 0x000002b720e739a0, 0x000002b739865870,
0x000002b720e7e7d0, 0x000002b739869350, 0x000002b739869c20, 0x000002b73986ace0,
0x000002b7398d85d0, 0x000002b7398dc3a0, 0x000002b739aa4760, 0x000002b739aa9700,
0x000002b739905420
}

Java Threads: ( => current thread )
=>0x000002b720da9ce0 JavaThread "main" [_thread_in_vm, id=1164, stack(0x000000df88e00000,0x000000df88f00000)]
  0x000002b720e70b10 JavaThread "Reference Handler" daemon [_thread_blocked, id=8680, stack(0x000000df89600000,0x000000df89700000)]
  0x000002b720e739a0 JavaThread "Finalizer" daemon [_thread_blocked, id=9592, stack(0x000000df89700000,0x000000df89800000)]
  0x000002b739865870 JavaThread "Signal Dispatcher" daemon [_thread_blocked, id=9064, stack(0x000000df89800000,0x000000df89900000)]
  0x000002b720e7e7d0 JavaThread "Attach Listener" daemon [_thread_blocked, id=6004, stack(0x000000df89900000,0x000000df89a00000)]
  0x000002b739869350 JavaThread "Service Thread" daemon [_thread_blocked, id=6036, stack(0x000000df89a00000,0x000000df89b00000)]
  0x000002b739869c20 JavaThread "Monitor Deflation Thread" daemon [_thread_blocked, id=712, stack(0x000000df89b00000,0x000000df89c00000)]
  0x000002b73986ace0 JavaThread "C2 CompilerThread0" daemon [_thread_blocked, id=1504, stack(0x000000df89c00000,0x000000df89d00000)]
  0x000002b7398d85d0 JavaThread "C1 CompilerThread0" daemon [_thread_blocked, id=5580, stack(0x000000df89d00000,0x000000df89e00000)]
  0x000002b7398dc3a0 JavaThread "Sweeper thread" daemon [_thread_blocked, id=11332, stack(0x000000df89e00000,0x000000df89f00000)]
  0x000002b739aa4760 JavaThread "Notification Thread" daemon [_thread_blocked, id=8904, stack(0x000000df89f00000,0x000000df8a000000)]
  0x000002b739aa9700 JavaThread "Common-Cleaner" daemon [_thread_blocked, id=5456, stack(0x000000df8a100000,0x000000df8a200000)]
  0x000002b739905420 JavaThread "pool-1-thread-1" [_thread_blocked, id=3428, stack(0x000000df8a300000,0x000000df8a400000)]

Other Threads:
  0x000002b720e6beb0 VMThread "VM Thread" [stack: 0x000000df89500000,0x000000df89600000] [id=7408]
  0x000002b739aa9060 WatcherThread [stack: 0x000000df8a000000,0x000000df8a100000] [id=11628]
  0x000002b720dc92f0 GCTaskThread "GC Thread#0" [stack: 0x000000df89000000,0x000000df89100000] [id=11748]
  0x000002b739d19f20 GCTaskThread "GC Thread#1" [stack: 0x000000df8a200000,0x000000df8a300000] [id=5444]
  0x000002b720dcaa40 ConcurrentGCThread "G1 Main Marker" [stack: 0x000000df89100000,0x000000df89200000] [id=6320]
  0x000002b720dcb450 ConcurrentGCThread "G1 Conc#0" [stack: 0x000000df89200000,0x000000df89300000] [id=6552]
  0x000002b720e0e650 ConcurrentGCThread "G1 Refine#0" [stack: 0x000000df89300000,0x000000df89400000] [id=10416]
  0x000002b720e0f080 ConcurrentGCThread "G1 Service" [stack: 0x000000df89400000,0x000000df89500000] [id=6028]

Threads with active compile tasks:

VM state: not at safepoint (normal execution)

VM Mutex/Monitor currently owned by a thread:  ([mutex/lock_event])
[0x000002b720da4490] Metaspace_lock - owner thread: 0x000002b720da9ce0

Heap address: 0x00000000fc000000, size: 64 MB, Compressed Oops mode: 32-bit

CDS archive(s) mapped at: [0x000002b73a000000-0x000002b73abd0000-0x000002b73abd0000), size 12386304, SharedBaseAddress: 0x000002b73a000000, ArchiveRelocationMode: 1.
Compressed class space mapped at: 0x000002b73b000000-0x000002b77b000000, reserved size: 1073741824
Narrow klass base: 0x000002b73a000000, Narrow klass shift: 0, Narrow klass range: 0x100000000

GC Precious Log:
 CPUs: 2 total, 2 available
 Memory: 8111M
 Large Page Support: Disabled
 NUMA Support: Disabled
 Compressed Oops: Enabled (32-bit)
 Heap Region Size: 1M
 Heap Min Capacity: 64M
 Heap Initial Capacity: 64M
 Heap Max Capacity: 64M
 Pre-touch: Disabled
 Parallel Workers: 2
 Concurrent Workers: 1
 Concurrent Refinement Workers: 2
 Periodic GC: Disabled

Heap:
 garbage-first heap   total 65536K, used 44576K [0x00000000fc000000, 0x0000000100000000)
  region size 1024K, 36 young (36864K), 2 survivors (2048K)
 Metaspace       used 10033K, committed 10176K, reserved 1114112K
  class space    used 1320K, committed 1408K, reserved 1048576K

Heap Regions: E=young(eden), S=young(survivor), O=old, HS=humongous(starts), HC=humongous(continues), CS=collection set, F=free, OA=open archive, CA=closed archive, TAMS=top-at-mark-start (previous, next)
|   0|0x00000000fc000000, 0x00000000fc100000, 0x00000000fc100000|100%| O|  |TAMS 0x00000000fc000000, 0x00000000fc000000| Untracked 
|   1|0x00000000fc100000, 0x00000000fc200000, 0x00000000fc200000|100%| O|  |TAMS 0x00000000fc100000, 0x00000000fc100000| Untracked 
|   2|0x00000000fc200000, 0x00000000fc300000, 0x00000000fc300000|100%|HS|  |TAMS 0x00000000fc200000, 0x00000000fc200000| Complete 
|   3|0x00000000fc300000, 0x00000000fc400000, 0x00000000fc400000|100%|HC|  |TAMS 0x00000000fc300000, 0x00000000fc300000| Complete 
|   4|0x00000000fc400000, 0x00000000fc500000, 0x00000000fc500000|100%|HC|  |TAMS 0x00000000fc400000, 0x00000000fc400000| Complete 
|   5|0x00000000fc500000, 0x00000000fc600000, 0x00000000fc600000|100%|HC|  |TAMS 0x00000000fc500000, 0x00000000fc500000| Complete 
|   6|0x00000000fc600000, 0x00000000fc700000, 0x00000000fc700000|100%| O|  |TAMS 0x00000000fc600000, 0x00000000fc600000| Untracked 
|   7|0x00000000fc700000, 0x00000000fc800000, 0x00000000fc800000|100%| O|  |TAMS 0x00000000fc700000, 0x00000000fc700000| Untracked 
|   8|0x00000000fc800000, 0x00000000fc888000, 0x00000000fc900000| 53%| O|  |TAMS 0x00000000fc800000, 0x00000000fc800000| Untracked 
|   9|0x00000000fc900000, 0x00000000fc900000, 0x00000000fca00000|  0%| F|  |TAMS 0x00000000fc900000, 0x00000000fc900000| Untracked 
|  10|0x00000000fca00000, 0x00000000fca00000, 0x00000000fcb00000|  0%| F|  |TAMS 0x00000000fca00000, 0x00000000fca00000| Untracked 
|  11|0x00000000fcb00000, 0x00000000fcb00000, 0x00000000fcc00000|  0%| F|  |TAMS 0x00000000fcb00000, 0x00000000fcb00000| Untracked 
|  12|0x00000000fcc00000, 0x00000000fcc00000, 0x00000000fcd00000|  0%| F|  |TAMS 0x00000000fcc00000, 0x00000000fcc00000| Untracked 
|  13|0x00000000fcd00000, 0x00000000fcd00000, 0x00000000fce00000|  0%| F|  |TAMS 0x00000000fcd00000, 0x00000000fcd00000| Untracked 
|  14|0x00000000fce00000, 0x00000000fce00000, 0x00000000fcf00000|  0%| F|  |TAMS 0x00000000fce00000, 0x00000000fce00000| Untracked 
|  15|0x00000000fcf00000, 0x00000000fcf00000, 0x00000000fd000000|  0%| F|  |TAMS 0x00000000fcf00000, 0x00000000fcf00000| Untracked 
|  16|0x00000000fd000000, 0x00000000fd000000, 0x00000000fd100000|  0%| F|  |TAMS 0x00000000fd000000, 0x00000000fd000000| Untracked 
|  17|0x00000000fd100000, 0x00000000fd100000, 0x00000000fd200000|  0%| F|  |TAMS 0x00000000fd100000, 0x00000000fd100000| Untracked 
|  18|0x00000000fd200000, 0x00000000fd200000, 0x00000000fd300000|  0%| F|  |TAMS 0x00000000fd200000, 0x00000000fd200000| Untracked 
|  19|0x00000000fd300000, 0x00000000fd300000, 0x00000000fd400000|  0%| F|  |TAMS 0x00000000fd300000, 0x00000000fd300000| Untracked 
|  20|0x00000000fd400000, 0x00000000fd400000, 0x00000000fd500000|  0%| F|  |TAMS 0x00000000fd400000, 0x00000000fd400000| Untracked 
|  21|0x00000000fd500000, 0x00000000fd500000, 0x00000000fd600000|  0%| F|  |TAMS 0x00000000fd500000, 0x00000000fd500000| Untracked 
|  22|0x00000000fd600000, 0x00000000fd600000, 0x00000000fd700000|  0%| F|  |TAMS 0x00000000fd600000, 0x00000000fd600000| Untracked 
|  23|0x00000000fd700000, 0x00000000fd700000, 0x00000000fd800000|  0%| F|  |TAMS 0x00000000fd700000, 0x00000000fd700000| Untracked 
|  24|0x00000000fd800000, 0x00000000fd800000, 0x00000000fd900000|  0%| F|  |TAMS 0x00000000fd800000, 0x00000000fd800000| Untracked 
|  25|0x00000000fd900000, 0x00000000fd900000, 0x00000000fda00000|  0%| F|  |TAMS 0x00000000fd900000, 0x00000000fd900000| Untracked 
|  26|0x00000000fda00000, 0x00000000fda00000, 0x00000000fdb00000|  0%| F|  |TAMS 0x00000000fda00000, 0x00000000fda00000| Untracked 
|  27|0x00000000fdb00000, 0x00000000fdb00000, 0x00000000fdc00000|  0%| F|  |TAMS 0x00000000fdb00000, 0x00000000fdb00000| Untracked 
|  28|0x00000000fdc00000, 0x00000000fdcd78c0, 0x00000000fdd00000| 84%| E|  |TAMS 0x00000000fdc00000, 0x00000000fdc00000| Complete 
|  29|0x00000000fdd00000, 0x00000000fde00000, 0x00000000fde00000|100%| E|CS|TAMS 0x00000000fdd00000, 0x00000000fdd00000| Complete 
|  30|0x00000000fde00000, 0x00000000fdf00000, 0x00000000fdf00000|100%| E|CS|TAMS 0x00000000fde00000, 0x00000000fde00000| Complete 
|  31|0x00000000fdf00000, 0x00000000fe000000, 0x00000000fe000000|100%| E|CS|TAMS 0x00000000fdf00000, 0x00000000fdf00000| Complete 
|  32|0x00000000fe000000, 0x00000000fe100000, 0x00000000fe100000|100%| E|CS|TAMS 0x00000000fe000000, 0x00000000fe000000| Complete 
|  33|0x00000000fe100000, 0x00000000fe200000, 0x00000000fe200000|100%| E|CS|TAMS 0x00000000fe100000, 0x00000000fe100000| Complete 
|  34|0x00000000fe200000, 0x00000000fe300000, 0x00000000fe300000|100%| E|CS|TAMS 0x00000000fe200000, 0x00000000fe200000| Complete 
|  35|0x00000000fe300000, 0x00000000fe400000, 0x00000000fe400000|100%| E|CS|TAMS 0x00000000fe300000, 0x00000000fe300000| Complete 
|  36|0x00000000fe400000, 0x00000000fe500000, 0x00000000fe500000|100%| E|CS|TAMS 0x00000000fe400000, 0x00000000fe400000| Complete 
|  37|0x00000000fe500000, 0x00000000fe600000, 0x00000000fe600000|100%| E|CS|TAMS 0x00000000fe500000, 0x00000000fe500000| Complete 
|  38|0x00000000fe600000, 0x00000000fe700000, 0x00000000fe700000|100%| E|CS|TAMS 0x00000000fe600000, 0x00000000fe600000| Complete 
|  39|0x00000000fe700000, 0x00000000fe800000, 0x00000000fe800000|100%| E|CS|TAMS 0x00000000fe700000, 0x00000000fe700000| Complete 
|  40|0x00000000fe800000, 0x00000000fe900000, 0x00000000fe900000|100%| E|CS|TAMS 0x00000000fe800000, 0x00000000fe800000| Complete 
|  41|0x00000000fe900000, 0x00000000fea00000, 0x00000000fea00000|100%| E|CS|TAMS 0x00000000fe900000, 0x00000000fe900000| Complete 
|  42|0x00000000fea00000, 0x00000000feb00000, 0x00000000feb00000|100%| E|CS|TAMS 0x00000000fea00000, 0x00000000fea00000| Complete 
|  43|0x00000000feb00000, 0x00000000fec00000, 0x00000000fec00000|100%| E|CS|TAMS 0x00000000feb00000, 0x00000000feb00000| Complete 
|  44|0x00000000fec00000, 0x00000000fed00000, 0x00000000fed00000|100%| E|CS|TAMS 0x00000000fec00000, 0x00000000fec00000| Complete 
|  45|0x00000000fed00000, 0x00000000fee00000, 0x00000000fee00000|100%| E|CS|TAMS 0x00000000fed00000, 0x00000000fed00000| Complete 
|  46|0x00000000fee00000, 0x00000000fef00000, 0x00000000fef00000|100%| E|CS|TAMS 0x00000000fee00000, 0x00000000fee00000| Complete 
|  47|0x00000000fef00000, 0x00000000ff000000, 0x00000000ff000000|100%| E|CS|TAMS 0x00000000fef00000, 0x00000000fef00000| Complete 
|  48|0x00000000ff000000, 0x00000000ff100000, 0x00000000ff100000|100%| S|CS|TAMS 0x00000000ff000000, 0x00000000ff000000| Complete 
|  49|0x00000000ff100000, 0x00000000ff200000, 0x00000000ff200000|100%| S|CS|TAMS 0x00000000ff100000, 0x00000000ff100000| Complete 
|  50|0x00000000ff200000, 0x00000000ff300000, 0x00000000ff300000|100%| E|CS|TAMS 0x00000000ff200000, 0x00000000ff200000| Complete 
|  51|0x00000000ff300000, 0x00000000ff400000, 0x00000000ff400000|100%| E|CS|TAMS 0x00000000ff300000, 0x00000000ff300000| Complete 
|  52|0x00000000ff400000, 0x00000000ff500000, 0x00000000ff500000|100%| E|CS|TAMS 0x00000000ff400000, 0x00000000ff400000| Complete 
|  53|0x00000000ff500000, 0x00000000ff600000, 0x00000000ff600000|100%| E|CS|TAMS 0x00000000ff500000, 0x00000000ff500000| Complete 
|  54|0x00000000ff600000, 0x00000000ff700000, 0x00000000ff700000|100%| E|CS|TAMS 0x00000000ff600000, 0x00000000ff600000| Complete 
|  55|0x00000000ff700000, 0x00000000ff800000, 0x00000000ff800000|100%| E|CS|TAMS 0x00000000ff700000, 0x00000000ff700000| Complete 
|  56|0x00000000ff800000, 0x00000000ff900000, 0x00000000ff900000|100%| E|CS|TAMS 0x00000000ff800000, 0x00000000ff800000| Complete 
|  57|0x00000000ff900000, 0x00000000ffa00000, 0x00000000ffa00000|100%| E|CS|TAMS 0x00000000ff900000, 0x00000000ff900000| Complete 
|  58|0x00000000ffa00000, 0x00000000ffb00000, 0x00000000ffb00000|100%| E|CS|TAMS 0x00000000ffa00000, 0x00000000ffa00000| Complete 
|  59|0x00000000ffb00000, 0x00000000ffc00000, 0x00000000ffc00000|100%| E|CS|TAMS 0x00000000ffb00000, 0x00000000ffb00000| Complete 
|  60|0x00000000ffc00000, 0x00000000ffd00000, 0x00000000ffd00000|100%| E|CS|TAMS 0x00000000ffc00000, 0x00000000ffc00000| Complete 
|  61|0x00000000ffd00000, 0x00000000ffe00000, 0x00000000ffe00000|100%| E|CS|TAMS 0x00000000ffd00000, 0x00000000ffd00000| Complete 
|  62|0x00000000ffe00000, 0x00000000fff00000, 0x00000000fff00000|100%| E|CS|TAMS 0x00000000ffe00000, 0x00000000ffe00000| Complete 
|  63|0x00000000fff00000, 0x0000000100000000, 0x0000000100000000|100%| E|CS|TAMS 0x00000000fff00000, 0x00000000fff00000| Complete 

Card table byte_map: [0x000002b7209e0000,0x000002b720a00000] _byte_map_base: 0x000002b720200000

Marking Bits (Prev, Next): (CMBitMap*) 0x000002b720dc9910, (CMBitMap*) 0x000002b720dc9950
 Prev Bits: [0x000002b720a20000, 0x000002b720b20000)
 Next Bits: [0x000002b720b20000, 0x000002b720c20000)

Polling page: 0x000002b720580000

Metaspace:

Usage:
  Non-class:      8.51 MB used.
      Class:      1.29 MB used.
       Both:      9.80 MB used.

Virtual space:
  Non-class space:       64.00 MB reserved,       8.56 MB ( 13%) committed,  1 nodes.
      Class space:        1.00 GB reserved,       1.38 MB ( <1%) committed,  1 nodes.
             Both:        1.06 GB reserved,       9.94 MB ( <1%) committed. 

Chunk freelists:
   Non-Class:  7.39 MB
       Class:  14.45 MB
        Both:  21.84 MB

MaxMetaspaceSize: unlimited
CompressedClassSpaceSize: 1.00 GB
Initial GC threshold: 21.00 MB
Current GC threshold: 21.00 MB
CDS: on
MetaspaceReclaimPolicy: balanced
 - commit_granule_bytes: 65536.
 - commit_granule_words: 8192.
 - virtual_space_node_default_size: 8388608.
 - enlarge_chunks_in_place: 1.
 - new_chunks_are_fully_committed: 0.
 - uncommit_free_chunks: 1.
 - use_allocation_guard: 0.
 - handle_deallocations: 1.


Internal statistics:

num_allocs_failed_limit: 0.
num_arena_births: 84.
num_arena_deaths: 0.
num_vsnodes_births: 2.
num_vsnodes_deaths: 0.
num_space_committed: 159.
num_space_uncommitted: 0.
num_chunks_returned_to_freelist: 0.
num_chunks_taken_from_freelist: 358.
num_chunk_merges: 0.
num_chunk_splits: 236.
num_chunks_enlarged: 195.
num_inconsistent_stats: 0.

CodeHeap 'non-profiled nmethods': size=120064Kb used=681Kb max_used=681Kb free=119382Kb
 bounds [0x000002b730130000, 0x000002b7303a0000, 0x000002b737670000]
CodeHeap 'profiled nmethods': size=120000Kb used=3223Kb max_used=3223Kb free=116776Kb
 bounds [0x000002b728670000, 0x000002b7289a0000, 0x000002b72fba0000]
CodeHeap 'non-nmethods': size=5696Kb used=1176Kb max_used=1193Kb free=4519Kb
 bounds [0x000002b72fba0000, 0x000002b72fe10000, 0x000002b730130000]
 total_blobs=2127 nmethods=1651 adapters=390
 compilation: enabled
              stopped_count=0, restarted_count=0
 full_count=0

Compilation events (20 events):
Event: 83.021 Thread 0x000002b7398d85d0 1654       3       java.lang.reflect.Method::invoke (65 bytes)
Event: 83.022 Thread 0x000002b7398d85d0 nmethod 1654 0x000002b728990390 code [0x000002b728990580, 0x000002b7289909f8]
Event: 83.022 Thread 0x000002b7398d85d0 1655       3       jdk.internal.reflect.DelegatingMethodAccessorImpl::invoke (10 bytes)
Event: 83.022 Thread 0x000002b7398d85d0 nmethod 1655 0x000002b728990b90 code [0x000002b728990d40, 0x000002b728990f08]
Event: 83.444 Thread 0x000002b7398d85d0 1656       1       org.gradle.internal.logging.events.ProgressStartEvent::getBuildOperationCategory (5 bytes)
Event: 83.444 Thread 0x000002b7398d85d0 nmethod 1656 0x000002b7301da090 code [0x000002b7301da220, 0x000002b7301da2f8]
Event: 83.444 Thread 0x000002b7398d85d0 1657       3       java.nio.ByteBuffer::position (6 bytes)
Event: 83.444 Thread 0x000002b7398d85d0 nmethod 1657 0x000002b728991010 code [0x000002b7289911c0, 0x000002b728991388]
Event: 84.511 Thread 0x000002b7398d85d0 1658       3       org.gradle.internal.logging.sink.GroupingProgressLogEventGenerator$OperationGroup::maybeFlushOutput (34 bytes)
Event: 84.512 Thread 0x000002b7398d85d0 nmethod 1658 0x000002b728991410 code [0x000002b728991620, 0x000002b728991d68]
Event: 85.496 Thread 0x000002b7398d85d0 1659   !   3       java.util.concurrent.ConcurrentHashMap::replaceNode (437 bytes)
Event: 85.497 Thread 0x000002b7398d85d0 nmethod 1659 0x000002b728992010 code [0x000002b728992360, 0x000002b728993c58]
Event: 85.639 Thread 0x000002b7398d85d0 1660       3       java.nio.ByteBuffer::clear (7 bytes)
Event: 85.639 Thread 0x000002b7398d85d0 nmethod 1660 0x000002b728994990 code [0x000002b728994b20, 0x000002b728994c98]
Event: 85.639 Thread 0x000002b7398d85d0 1661       3       java.nio.Buffer::clear (20 bytes)
Event: 85.639 Thread 0x000002b7398d85d0 nmethod 1661 0x000002b728994d90 code [0x000002b728994f20, 0x000002b728995038]
Event: 92.458 Thread 0x000002b73986ace0 1662       4       jdk.internal.misc.Unsafe::putReferenceOpaque (9 bytes)
Event: 92.459 Thread 0x000002b73986ace0 nmethod 1662 0x000002b7301da390 code [0x000002b7301da500, 0x000002b7301da638]
Event: 93.654 Thread 0x000002b7398d85d0 1663       3       jdk.internal.org.objectweb.asm.Type::getDescriptor (93 bytes)
Event: 93.655 Thread 0x000002b7398d85d0 nmethod 1663 0x000002b728995110 code [0x000002b728995380, 0x000002b728995b08]

GC Heap History (6 events):
Event: 2.469 GC heap before
{Heap before GC invocations=0 (full 0):
 garbage-first heap   total 65536K, used 6144K [0x00000000fc000000, 0x0000000100000000)
  region size 1024K, 6 young (6144K), 0 survivors (0K)
 Metaspace       used 1615K, committed 1664K, reserved 1114112K
  class space    used 153K, committed 192K, reserved 1048576K
}
Event: 2.534 GC heap after
{Heap after GC invocations=1 (full 0):
 garbage-first heap   total 65536K, used 1217K [0x00000000fc000000, 0x0000000100000000)
  region size 1024K, 1 young (1024K), 1 survivors (1024K)
 Metaspace       used 1615K, committed 1664K, reserved 1114112K
  class space    used 153K, committed 192K, reserved 1048576K
}
Event: 2.815 GC heap before
{Heap before GC invocations=1 (full 0):
 garbage-first heap   total 65536K, used 6337K [0x00000000fc000000, 0x0000000100000000)
  region size 1024K, 7 young (7168K), 1 survivors (1024K)
 Metaspace       used 1650K, committed 1792K, reserved 1114112K
  class space    used 153K, committed 192K, reserved 1048576K
}
Event: 2.817 GC heap after
{Heap after GC invocations=2 (full 0):
 garbage-first heap   total 65536K, used 1603K [0x00000000fc000000, 0x0000000100000000)
  region size 1024K, 1 young (1024K), 1 survivors (1024K)
 Metaspace       used 1650K, committed 1792K, reserved 1114112K
  class space    used 153K, committed 192K, reserved 1048576K
}
Event: 5.197 GC heap before
{Heap before GC invocations=2 (full 0):
 garbage-first heap   total 65536K, used 17987K [0x00000000fc000000, 0x0000000100000000)
  region size 1024K, 14 young (14336K), 1 survivors (1024K)
 Metaspace       used 1872K, committed 1984K, reserved 1114112K
  class space    used 158K, committed 192K, reserved 1048576K
}
Event: 5.207 GC heap after
{Heap after GC invocations=3 (full 0):
 garbage-first heap   total 65536K, used 10784K [0x00000000fc000000, 0x0000000100000000)
  region size 1024K, 2 young (2048K), 2 survivors (2048K)
 Metaspace       used 1872K, committed 1984K, reserved 1114112K
  class space    used 158K, committed 192K, reserved 1048576K
}

Deoptimization events (20 events):
Event: 9.741 Thread 0x000002b77f073760 Uncommon trap: trap_request=0xffffff45 fr.pc=0x000002b7301a3458 relative=0x0000000000000338
Event: 9.741 Thread 0x000002b77f073760 Uncommon trap: reason=unstable_if action=reinterpret pc=0x000002b7301a3458 method=java.lang.AbstractStringBuilder.isLatin1()Z @ 10 c2
Event: 9.741 Thread 0x000002b77f073760 DEOPT PACKING pc=0x000002b7301a3458 sp=0x000000df8a4fe9c0
Event: 9.741 Thread 0x000002b77f073760 DEOPT UNPACKING pc=0x000002b72fbf239d sp=0x000000df8a4fe940 mode 2
Event: 21.578 Thread 0x000002b77f073760 Uncommon trap: trap_request=0xffffff45 fr.pc=0x000002b73013cb80 relative=0x0000000000000080
Event: 21.578 Thread 0x000002b77f073760 Uncommon trap: reason=unstable_if action=reinterpret pc=0x000002b73013cb80 method=java.lang.String.codePointAt(I)I @ 4 c2
Event: 21.578 Thread 0x000002b77f073760 DEOPT PACKING pc=0x000002b73013cb80 sp=0x000000df8a4fe950
Event: 21.578 Thread 0x000002b77f073760 DEOPT UNPACKING pc=0x000002b72fbf239d sp=0x000000df8a4fe8e8 mode 2
Event: 21.603 Thread 0x000002b70004ffd0 Uncommon trap: trap_request=0xffffff45 fr.pc=0x000002b73019c05c relative=0x0000000000000e1c
Event: 21.603 Thread 0x000002b70004ffd0 Uncommon trap: reason=unstable_if action=reinterpret pc=0x000002b73019c05c method=java.util.concurrent.ConcurrentHashMap.putVal(Ljava/lang/Object;Ljava/lang/Object;Z)Ljava/lang/Object; @ 97 c2
Event: 21.603 Thread 0x000002b70004ffd0 DEOPT PACKING pc=0x000002b73019c05c sp=0x000000df8a6fdf90
Event: 21.603 Thread 0x000002b70004ffd0 DEOPT UNPACKING pc=0x000002b72fbf239d sp=0x000000df8a6fdf18 mode 2
Event: 21.643 Thread 0x000002b720da9ce0 Uncommon trap: trap_request=0xffffff45 fr.pc=0x000002b7301c1948 relative=0x0000000000001868
Event: 21.643 Thread 0x000002b720da9ce0 Uncommon trap: reason=unstable_if action=reinterpret pc=0x000002b7301c1948 method=sun.nio.fs.WindowsPathParser.nextNonSlash(Ljava/lang/String;II)I @ 2 c2
Event: 21.643 Thread 0x000002b720da9ce0 DEOPT PACKING pc=0x000002b7301c1948 sp=0x000000df88efbc90
Event: 21.643 Thread 0x000002b720da9ce0 DEOPT UNPACKING pc=0x000002b72fbf239d sp=0x000000df88efbc10 mode 2
Event: 21.868 Thread 0x000002b720da9ce0 Uncommon trap: trap_request=0xffffff45 fr.pc=0x000002b73015b8ac relative=0x00000000000001cc
Event: 21.868 Thread 0x000002b720da9ce0 Uncommon trap: reason=unstable_if action=reinterpret pc=0x000002b73015b8ac method=java.util.HashMap.putVal(ILjava/lang/Object;Ljava/lang/Object;ZZ)Ljava/lang/Object; @ 162 c2
Event: 21.868 Thread 0x000002b720da9ce0 DEOPT PACKING pc=0x000002b73015b8ac sp=0x000000df88efae10
Event: 21.868 Thread 0x000002b720da9ce0 DEOPT UNPACKING pc=0x000002b72fbf239d sp=0x000000df88efad38 mode 2

Classes unloaded (0 events):
No events

Classes redefined (0 events):
No events

Internal exceptions (20 events):
Event: 6.030 Thread 0x000002b720da9ce0 Exception <a 'java/lang/NoSuchMethodError'{0x00000000ff7df9e8}: 'void java.lang.invoke.DelegatingMethodHandle$Holder.delegate(java.lang.Object, java.lang.Object, int, java.lang.Object)'> (0x00000000ff7df9e8) 
thrown [s\open\src\hotspot\share\interpreter\linkResolver.cpp, line 759]
Event: 6.030 Thread 0x000002b720da9ce0 Exception <a 'java/lang/NoSuchMethodError'{0x00000000ff7e3a20}: 'int java.lang.invoke.DirectMethodHandle$Holder.invokeSpecial(java.lang.Object, java.lang.Object, java.lang.Object)'> (0x00000000ff7e3a20) 
thrown [s\open\src\hotspot\share\interpreter\linkResolver.cpp, line 759]
Event: 6.036 Thread 0x000002b720da9ce0 Exception <a 'java/lang/NoSuchMethodError'{0x00000000ff7f6b30}: 'java.lang.Object java.lang.invoke.Invokers$Holder.invokeExact_MT(java.lang.Object, java.lang.Object, java.lang.Object, java.lang.Object)'> (0x00000000ff7f6b30) 
thrown [s\open\src\hotspot\share\interpreter\linkResolver.cpp, line 759]
Event: 6.047 Thread 0x000002b720da9ce0 Exception <a 'java/lang/NoSuchMethodError'{0x00000000ff631690}: 'java.lang.Object java.lang.invoke.DirectMethodHandle$Holder.invokeVirtual(java.lang.Object, java.lang.Object, java.lang.Object)'> (0x00000000ff631690) 
thrown [s\open\src\hotspot\share\interpreter\linkResolver.cpp, line 759]
Event: 6.313 Thread 0x000002b720da9ce0 Exception <a 'java/lang/NoSuchMethodError'{0x00000000ff34a2b8}: 'java.lang.Object java.lang.invoke.DirectMethodHandle$Holder.newInvokeSpecial(java.lang.Object, java.lang.Object, java.lang.Object, java.lang.Object, java.lang.Object)'> (0x00000000ff34a2b8) 
thrown [s\open\src\hotspot\share\interpreter\linkResolver.cpp, line 759]
Event: 6.472 Thread 0x000002b720da9ce0 Exception <a 'java/lang/NoSuchMethodError'{0x00000000fee75d30}: 'void java.lang.invoke.DirectMethodHandle$Holder.invokeSpecial(java.lang.Object, java.lang.Object, java.lang.Object)'> (0x00000000fee75d30) 
thrown [s\open\src\hotspot\share\interpreter\linkResolver.cpp, line 759]
Event: 6.482 Thread 0x000002b720da9ce0 Implicit null exception at 0x000002b73018b28f to 0x000002b73018b79c
Event: 6.482 Thread 0x000002b720da9ce0 Implicit null exception at 0x000002b73017ce8c to 0x000002b73017d3a4
Event: 6.551 Thread 0x000002b720da9ce0 Exception <a 'java/lang/NoSuchMethodError'{0x00000000fedeb3f8}: 'java.lang.Object java.lang.invoke.DirectMethodHandle$Holder.invokeStaticInit(java.lang.Object)'> (0x00000000fedeb3f8) 
thrown [s\open\src\hotspot\share\interpreter\linkResolver.cpp, line 759]
Event: 6.645 Thread 0x000002b720da9ce0 Exception <a 'java/lang/NoSuchMethodError'{0x00000000fec8efc0}: 'int java.lang.invoke.DirectMethodHandle$Holder.invokeVirtual(java.lang.Object, java.lang.Object, java.lang.Object)'> (0x00000000fec8efc0) 
thrown [s\open\src\hotspot\share\interpreter\linkResolver.cpp, line 759]
Event: 6.867 Thread 0x000002b720da9ce0 Exception <a 'java/lang/NoSuchMethodError'{0x00000000feae2d90}: 'java.lang.Object java.lang.invoke.DirectMethodHandle$Holder.invokeSpecialIFC(java.lang.Object, java.lang.Object, java.lang.Object, java.lang.Object)'> (0x00000000feae2d90) 
thrown [s\open\src\hotspot\share\interpreter\linkResolver.cpp, line 759]
Event: 6.987 Thread 0x000002b720da9ce0 Exception <a 'java/lang/NoSuchMethodError'{0x00000000fe7ad4e0}: 'java.lang.Object java.lang.invoke.DirectMethodHandle$Holder.invokeStaticInit(java.lang.Object, int, int, int, int)'> (0x00000000fe7ad4e0) 
thrown [s\open\src\hotspot\share\interpreter\linkResolver.cpp, line 759]
Event: 7.634 Thread 0x000002b720da9ce0 Exception <a 'java/lang/NoSuchMethodError'{0x00000000fe7d9f28}: 'java.lang.Object java.lang.invoke.DirectMethodHandle$Holder.invokeStaticInit(java.lang.Object, java.lang.Object, int, int, int, int)'> (0x00000000fe7d9f28) 
thrown [s\open\src\hotspot\share\interpreter\linkResolver.cpp, line 759]
Event: 8.436 Thread 0x000002b720da9ce0 Exception <a 'java/lang/NoSuchMethodError'{0x00000000fe60bc38}: 'void java.lang.invoke.DirectMethodHandle$Holder.invokeStatic(java.lang.Object, java.lang.Object, java.lang.Object)'> (0x00000000fe60bc38) 
thrown [s\open\src\hotspot\share\interpreter\linkResolver.cpp, line 759]
Event: 9.654 Thread 0x000002b77f073760 Exception <a 'java/lang/NoSuchMethodError'{0x00000000fe08f0b8}: 'void java.lang.invoke.DirectMethodHandle$Holder.invokeStatic(java.lang.Object, long)'> (0x00000000fe08f0b8) 
thrown [s\open\src\hotspot\share\interpreter\linkResolver.cpp, line 759]
Event: 9.654 Thread 0x000002b77f073760 Exception <a 'java/lang/NoSuchMethodError'{0x00000000fe094a10}: 'java.lang.Object java.lang.invoke.DirectMethodHandle$Holder.newInvokeSpecial(java.lang.Object, long)'> (0x00000000fe094a10) 
thrown [s\open\src\hotspot\share\interpreter\linkResolver.cpp, line 759]
Event: 9.656 Thread 0x000002b77f073760 Exception <a 'java/lang/NoSuchMethodError'{0x00000000fe09faa0}: 'java.lang.Object java.lang.invoke.DirectMethodHandle$Holder.invokeStaticInit(java.lang.Object, java.lang.Object, long, java.lang.Object)'> (0x00000000fe09faa0) 
thrown [s\open\src\hotspot\share\interpreter\linkResolver.cpp, line 759]
Event: 9.658 Thread 0x000002b77f073760 Exception <a 'java/lang/NoSuchMethodError'{0x00000000fe0a6478}: 'java.lang.Object java.lang.invoke.DirectMethodHandle$Holder.newInvokeSpecial(java.lang.Object, java.lang.Object, long)'> (0x00000000fe0a6478) 
thrown [s\open\src\hotspot\share\interpreter\linkResolver.cpp, line 759]
Event: 9.658 Thread 0x000002b77f073760 Exception <a 'java/lang/NoSuchMethodError'{0x00000000fe0aa768}: 'java.lang.Object java.lang.invoke.Invokers$Holder.linkToTargetMethod(java.lang.Object, long, java.lang.Object)'> (0x00000000fe0aa768) 
thrown [s\open\src\hotspot\share\interpreter\linkResolver.cpp, line 759]
Event: 93.650 Thread 0x000002b720da9ce0 Exception <a 'sun/net/ConnectionResetException'{0x00000000fdc33268}: Connection reset> (0x00000000fdc33268) 
thrown [s\open\src\hotspot\share\prims\jni.cpp, line 535]

VM Operations (20 events):
Event: 32.158 Executing VM operation: Cleanup
Event: 32.158 Executing VM operation: Cleanup done
Event: 33.172 Executing VM operation: Cleanup
Event: 33.172 Executing VM operation: Cleanup done
Event: 37.201 Executing VM operation: Cleanup
Event: 37.201 Executing VM operation: Cleanup done
Event: 40.231 Executing VM operation: Cleanup
Event: 40.231 Executing VM operation: Cleanup done
Event: 45.137 Executing VM operation: HandshakeAllThreads
Event: 45.137 Executing VM operation: HandshakeAllThreads done
Event: 57.195 Executing VM operation: Cleanup
Event: 57.195 Executing VM operation: Cleanup done
Event: 60.265 Executing VM operation: HandshakeAllThreads
Event: 60.265 Executing VM operation: HandshakeAllThreads done
Event: 77.375 Executing VM operation: Cleanup
Event: 77.375 Executing VM operation: Cleanup done
Event: 78.388 Executing VM operation: Cleanup
Event: 78.388 Executing VM operation: Cleanup done
Event: 83.436 Executing VM operation: Cleanup
Event: 83.437 Executing VM operation: Cleanup done

Events (20 events):
Event: 21.899 loading class java/nio/channels/spi/AbstractSelector$1
Event: 21.900 loading class java/nio/channels/spi/AbstractSelector$1 done
Event: 22.112 loading class java/util/concurrent/Executors$FinalizableDelegatedExecutorService
Event: 22.112 loading class java/util/concurrent/Executors$FinalizableDelegatedExecutorService done
Event: 93.650 loading class sun/net/ConnectionResetException
Event: 93.650 loading class sun/net/ConnectionResetException done
Event: 93.652 loading class java/nio/file/FileChannelLinesSpliterator
Event: 93.653 loading class java/nio/file/FileChannelLinesSpliterator done
Event: 93.653 loading class sun/nio/fs/WindowsSecurityDescriptor
Event: 93.653 loading class sun/nio/fs/WindowsSecurityDescriptor done
Event: 93.653 loading class sun/nio/fs/WindowsChannelFactory
Event: 93.653 loading class sun/nio/fs/WindowsChannelFactory done
Event: 93.653 loading class sun/nio/fs/WindowsChannelFactory$1
Event: 93.653 loading class sun/nio/fs/WindowsChannelFactory$1 done
Event: 93.653 loading class sun/nio/fs/WindowsChannelFactory$Flags
Event: 93.653 loading class sun/nio/fs/WindowsChannelFactory$Flags done
Event: 93.653 loading class sun/nio/fs/WindowsChannelFactory$2
Event: 93.653 loading class sun/nio/fs/WindowsChannelFactory$2 done
Event: 93.654 loading class sun/nio/ch/FileChannelImpl$Closer
Event: 93.654 loading class sun/nio/ch/FileChannelImpl$Closer done


Dynamic libraries:
0x00007ff7c1520000 - 0x00007ff7c1530000 	C:\Program Files\Java\jdk-17\bin\java.exe
0x00007fff46cf0000 - 0x00007fff46ee8000 	C:\Windows\SYSTEM32\ntdll.dll
0x00007fff46830000 - 0x00007fff468f2000 	C:\Windows\System32\KERNEL32.DLL
0x00007fff44a10000 - 0x00007fff44d0e000 	C:\Windows\System32\KERNELBASE.dll
0x00007fff44910000 - 0x00007fff44a10000 	C:\Windows\System32\ucrtbase.dll
0x00007fff31cc0000 - 0x00007fff31cd9000 	C:\Program Files\Java\jdk-17\bin\jli.dll
0x00007fff46460000 - 0x00007fff46512000 	C:\Windows\System32\ADVAPI32.dll
0x00007fff465b0000 - 0x00007fff4664e000 	C:\Windows\System32\msvcrt.dll
0x00007fff44d10000 - 0x00007fff44db0000 	C:\Windows\System32\sechost.dll
0x00007fff469e0000 - 0x00007fff46b03000 	C:\Windows\System32\RPCRT4.dll
0x00007fff44710000 - 0x00007fff44737000 	C:\Windows\System32\bcrypt.dll
0x00007fff46b10000 - 0x00007fff46cad000 	C:\Windows\System32\USER32.dll
0x00007fff444f0000 - 0x00007fff44512000 	C:\Windows\System32\win32u.dll
0x00007fff467e0000 - 0x00007fff4680b000 	C:\Windows\System32\GDI32.dll
0x00007fff44740000 - 0x00007fff44857000 	C:\Windows\System32\gdi32full.dll
0x00007fff445b0000 - 0x00007fff4464d000 	C:\Windows\System32\msvcp_win.dll
0x00007fff31ca0000 - 0x00007fff31cbb000 	C:\Program Files\Java\jdk-17\bin\VCRUNTIME140.dll
0x00007fff2f990000 - 0x00007fff2fc2a000 	C:\Windows\WinSxS\amd64_microsoft.windows.common-controls_6595b64144ccf1df_6.0.19041.4355_none_60b8b9eb71f62e16\COMCTL32.dll
0x00007fff349f0000 - 0x00007fff349fa000 	C:\Windows\SYSTEM32\VERSION.dll
0x00007fff46430000 - 0x00007fff4645f000 	C:\Windows\System32\IMM32.DLL
0x00007fff35d80000 - 0x00007fff35d8c000 	C:\Program Files\Java\jdk-17\bin\vcruntime140_1.dll
0x00007ffefa6c0000 - 0x00007ffefa74e000 	C:\Program Files\Java\jdk-17\bin\msvcp140.dll
0x00007ffef88b0000 - 0x00007ffef9490000 	C:\Program Files\Java\jdk-17\bin\server\jvm.dll
0x00007fff46590000 - 0x00007fff46598000 	C:\Windows\System32\PSAPI.DLL
0x00007fff35b00000 - 0x00007fff35b09000 	C:\Windows\SYSTEM32\WSOCK32.dll
0x00007fff463c0000 - 0x00007fff4642b000 	C:\Windows\System32\WS2_32.dll
0x00007fff28ec0000 - 0x00007fff28ee7000 	C:\Windows\SYSTEM32\WINMM.dll
0x00007fff421f0000 - 0x00007fff42202000 	C:\Windows\SYSTEM32\kernel.appcore.dll
0x00007fff340e0000 - 0x00007fff340ea000 	C:\Program Files\Java\jdk-17\bin\jimage.dll
0x00007fff3d5b0000 - 0x00007fff3d794000 	C:\Windows\SYSTEM32\DBGHELP.DLL
0x00007fff3d2d0000 - 0x00007fff3d304000 	C:\Windows\SYSTEM32\dbgcore.DLL
0x00007fff44520000 - 0x00007fff445a2000 	C:\Windows\System32\bcryptPrimitives.dll
0x00007ffefa690000 - 0x00007ffefa6b5000 	C:\Program Files\Java\jdk-17\bin\java.dll
0x00007ffef87d0000 - 0x00007ffef88a7000 	C:\Program Files\Java\jdk-17\bin\jsvml.dll
0x00007fff45aa0000 - 0x00007fff4620f000 	C:\Windows\System32\SHELL32.dll
0x00007fff423f0000 - 0x00007fff42b94000 	C:\Windows\SYSTEM32\windows.storage.dll
0x00007fff45500000 - 0x00007fff45853000 	C:\Windows\System32\combase.dll
0x00007fff43c10000 - 0x00007fff43c3e000 	C:\Windows\SYSTEM32\Wldp.dll
0x00007fff458c0000 - 0x00007fff4598d000 	C:\Windows\System32\OLEAUT32.dll
0x00007fff45450000 - 0x00007fff454fd000 	C:\Windows\System32\SHCORE.dll
0x00007fff45860000 - 0x00007fff458b5000 	C:\Windows\System32\shlwapi.dll
0x00007fff442c0000 - 0x00007fff442e4000 	C:\Windows\SYSTEM32\profapi.dll
0x00007fff31c80000 - 0x00007fff31c99000 	C:\Program Files\Java\jdk-17\bin\net.dll
0x00007fff3e8e0000 - 0x00007fff3e9ed000 	C:\Windows\SYSTEM32\WINHTTP.dll
0x00007fff439f0000 - 0x00007fff43a5a000 	C:\Windows\system32\mswsock.dll
0x00007fff154d0000 - 0x00007fff154e6000 	C:\Program Files\Java\jdk-17\bin\nio.dll
0x00007ffefeb00000 - 0x00007ffefeb18000 	C:\Program Files\Java\jdk-17\bin\zip.dll
0x00007fff3da20000 - 0x00007fff3da30000 	C:\Program Files\Java\jdk-17\bin\verify.dll
0x00007fff2d680000 - 0x00007fff2d6a7000 	C:\Users\admin\.gradle\native\c067742578af261105cb4f569cf0c3c89f3d7b1fecec35dd04571415982c5e48\windows-amd64\native-platform.dll
0x00007fff30c60000 - 0x00007fff30c6a000 	C:\Program Files\Java\jdk-17\bin\management.dll
0x00007fff2d1f0000 - 0x00007fff2d1fb000 	C:\Program Files\Java\jdk-17\bin\management_ext.dll
0x00007fff43f60000 - 0x00007fff43f78000 	C:\Windows\SYSTEM32\CRYPTSP.dll
0x00007fff43330000 - 0x00007fff43364000 	C:\Windows\system32\rsaenh.dll
0x00007fff44280000 - 0x00007fff442ae000 	C:\Windows\SYSTEM32\USERENV.dll
0x00007fff43b80000 - 0x00007fff43b8c000 	C:\Windows\SYSTEM32\CRYPTBASE.dll
0x00007fff436f0000 - 0x00007fff4372b000 	C:\Windows\SYSTEM32\IPHLPAPI.DLL
0x00007fff46520000 - 0x00007fff46528000 	C:\Windows\System32\NSI.dll
0x00007fff3ef70000 - 0x00007fff3ef87000 	C:\Windows\SYSTEM32\dhcpcsvc6.DLL
0x00007fff3ef50000 - 0x00007fff3ef6d000 	C:\Windows\SYSTEM32\dhcpcsvc.DLL
0x00007fff43730000 - 0x00007fff437fa000 	C:\Windows\SYSTEM32\DNSAPI.dll
0x00007fff27b90000 - 0x00007fff27b9e000 	C:\Program Files\Java\jdk-17\bin\sunmscapi.dll
0x00007fff44390000 - 0x00007fff444ec000 	C:\Windows\System32\CRYPT32.dll
0x00007fff43c80000 - 0x00007fff43ca7000 	C:\Windows\SYSTEM32\ncrypt.dll
0x00007fff43c40000 - 0x00007fff43c7b000 	C:\Windows\SYSTEM32\NTASN1.dll
0x00007fff1ed60000 - 0x00007fff1ed67000 	C:\Windows\system32\wshunix.dll

dbghelp: loaded successfully - version: 4.0.5 - missing functions: none
symbol engine: initialized successfully - sym options: 0x614 - pdb path: .;C:\Program Files\Java\jdk-17\bin;C:\Windows\SYSTEM32;C:\Windows\WinSxS\amd64_microsoft.windows.common-controls_6595b64144ccf1df_6.0.19041.4355_none_60b8b9eb71f62e16;C:\Program Files\Java\jdk-17\bin\server;C:\Users\admin\.gradle\native\c067742578af261105cb4f569cf0c3c89f3d7b1fecec35dd04571415982c5e48\windows-amd64

VM Arguments:
jvm_args: -Xmx64m -Xms64m -Dorg.gradle.appname=gradlew 
java_command: org.gradle.wrapper.GradleWrapperMain app:installDebug -PreactNativeDevServerPort=8081
java_class_path (initial): C:\Users\admin\Sanju-Project\ReactNative\Ride\android\\gradle\wrapper\gradle-wrapper.jar
Launcher Type: SUN_STANDARD

[Global flags]
     intx CICompilerCount                          = 2                                         {product} {ergonomic}
     uint ConcGCThreads                            = 1                                         {product} {ergonomic}
     uint G1ConcRefinementThreads                  = 2                                         {product} {ergonomic}
   size_t G1HeapRegionSize                         = 1048576                                   {product} {ergonomic}
    uintx GCDrainStackTargetSize                   = 64                                        {product} {ergonomic}
   size_t InitialHeapSize                          = 67108864                                  {product} {command line}
   size_t MarkStackSize                            = 4194304                                   {product} {ergonomic}
   size_t MaxHeapSize                              = 67108864                                  {product} {command line}
   size_t MaxNewSize                               = 39845888                                  {product} {ergonomic}
   size_t MinHeapDeltaBytes                        = 1048576                                   {product} {ergonomic}
   size_t MinHeapSize                              = 67108864                                  {product} {command line}
    uintx NonNMethodCodeHeapSize                   = 5826188                                {pd product} {ergonomic}
    uintx NonProfiledCodeHeapSize                  = 122916026                              {pd product} {ergonomic}
    uintx ProfiledCodeHeapSize                     = 122916026                              {pd product} {ergonomic}
    uintx ReservedCodeCacheSize                    = 251658240                              {pd product} {ergonomic}
     bool SegmentedCodeCache                       = true                                      {product} {ergonomic}
   size_t SoftMaxHeapSize                          = 67108864                               {manageable} {ergonomic}
     bool UseCompressedClassPointers               = true                           {product lp64_product} {ergonomic}
     bool UseCompressedOops                        = true                           {product lp64_product} {ergonomic}
     bool UseG1GC                                  = true                                      {product} {ergonomic}
     bool UseLargePagesIndividualAllocation        = false                                  {pd product} {ergonomic}

Logging:
Log output configuration:
 #0: stdout all=warning uptime,level,tags
 #1: stderr all=off uptime,level,tags

Environment Variables:
JAVA_HOME=C:\Program Files\Java\jdk-17
CLASSPATH=C:\Users\admin\Sanju-Project\ReactNative\Ride\android\\gradle\wrapper\gradle-wrapper.jar
PATH=C:\Users\admin\Sanju-Project\ReactNative\Ride\node_modules\.bin;C:\Users\admin\Sanju-Project\ReactNative\Ride\node_modules\.bin;C:\Users\admin\Sanju-Project\ReactNative\node_modules\.bin;C:\Users\admin\Sanju-Project\node_modules\.bin;C:\Users\admin\node_modules\.bin;C:\Users\node_modules\.bin;C:\node_modules\.bin;C:\Program Files\nodejs\node_modules\npm\node_modules\@npmcli\run-script\lib\node-gyp-bin;C:\Users\admin\Sanju-Project\ReactNative\Ride\node_modules\.bin;C:\Users\admin\Sanju-Project\ReactNative\Ride\node_modules\.bin;C:\Users\admin\Sanju-Project\ReactNative\node_modules\.bin;C:\Users\admin\Sanju-Project\node_modules\.bin;C:\Users\admin\node_modules\.bin;C:\Users\node_modules\.bin;C:\node_modules\.bin;C:\Program Files\nodejs\node_modules\npm\node_modules\@npmcli\run-script\lib\node-gyp-bin;C:\Program Files\Microsoft\jdk-17.0.12.7-hotspot\bin;C:\Program Files\Common Files\Oracle\Java\javapath;C:\Windows\system32;C:\Windows;C:\Windows\System32\Wbem;C:\Windows\System32\WindowsPowerShell\v1.0\;C:\Windows\System32\OpenSSH\;C:\ProgramData\chocolatey\bin;C:\Program Files\OpenJDK\openjdk-11.0.15_10\bin;C:\Program Files\Git\cmd;C:\Users\admin\AppData\Local\Android\Sdk\platform-tools;C:\Program Files\nodejs\;C:\Users\admin\AppData\Local\Android\Sdk\tools;C:\Users\admin\AppData\Local\jdk-11.0.2\bin;C:\Users\admin\AppData\Local\Microsoft\WindowsApps;C:\Users\admin\AppData\Local\Programs\Microsoft VS Code\bin;C:\Users\admin\AppData\Local\Android\Sdk\platform-tools;C:\MinGW\bin;C:\Users\admin\AppData\Roaming\npm
USERNAME=admin
LANG=en_US.UTF-8
OS=Windows_NT
PROCESSOR_IDENTIFIER=Intel64 Family 6 Model 60 Stepping 3, GenuineIntel



---------------  S Y S T E M  ---------------

OS:
 Windows 10 , 64 bit Build 19041 (10.0.19041.4957)
OS uptime: 0 days 4:42 hours
Hyper-V role detected

CPU: total 2 (initial active 2) (2 cores per cpu, 1 threads per core) family 6 model 60 stepping 3 microcode 0x27, cx8, cmov, fxsr, mmx, sse, sse2, sse3, ssse3, sse4.1, sse4.2, popcnt, lzcnt, tsc, tscinvbit, erms, clmul, clflush, hv

Memory: 4k page, system-wide physical 8111M (362M free)
TotalPageFile size 10546M (AvailPageFile size 0M)
current process WorkingSet (physical memory assigned to process): 100M, peak: 101M
current process commit charge ("private bytes"): 153M, peak: 153M

vm_info: Java HotSpot(TM) 64-Bit Server VM (17.0.11+7-LTS-207) for windows-amd64 JRE (17.0.11+7-LTS-207), built on Mar 11 2024 19:01:50 by "mach5one" with MS VC++ 17.6 (VS2022)

END.
