#
# There is insufficient memory for the Java Runtime Environment to continue.
# Native memory allocation (malloc) failed to allocate 32744 bytes for ChunkPool::allocate
# Possible reasons:
#   The system is out of physical RAM or swap space
#   The process is running with CompressedOops enabled, and the Java Heap may be blocking the growth of the native heap
# Possible solutions:
#   Reduce memory load on the system
#   Increase physical memory or swap space
#   Check if swap backing store is full
#   Decrease Java heap size (-Xmx/-Xms)
#   Decrease number of Java threads
#   Decrease Java thread stack sizes (-Xss)
#   Set larger code cache with -XX:ReservedCodeCacheSize=
#   JVM is running with Unscaled Compressed Oops mode in which the Java heap is
#     placed in the first 4GB address space. The Java Heap base address is the
#     maximum limit for the native heap growth. Please use -XX:HeapBaseMinAddress
#     to set the Java Heap base and to place the Java Heap above 4GB virtual address.
# This output file may be truncated or incomplete.
#
#  Out of Memory Error (arena.cpp:78), pid=10344, tid=8972
#
# JRE version: Java(TM) SE Runtime Environment (17.0.11+7) (build 17.0.11+7-LTS-207)
# Java VM: Java HotSpot(TM) 64-Bit Server VM (17.0.11+7-LTS-207, mixed mode, sharing, tiered, compressed oops, compressed class ptrs, g1 gc, windows-amd64)
# No core dump will be written. Minidumps are not enabled by default on client versions of Windows
#

---------------  S U M M A R Y ------------

Command Line: -Xmx64m -Xms64m -Dorg.gradle.appname=gradlew org.gradle.wrapper.GradleWrapperMain app:installDebug -PreactNativeDevServerPort=8081

Host: Intel(R) Pentium(R) CPU G3260 @ 3.30GHz, 2 cores, 7G,  Windows 10 , 64 bit Build 19041 (10.0.19041.4957)
Time: Fri Nov  8 15:53:21 2024 India Standard Time elapsed time: 18.456699 seconds (0d 0h 0m 18s)

---------------  T H R E A D  ---------------

Current thread (0x0000027d3e9cacc0):  JavaThread "C2 CompilerThread0" daemon [_thread_in_native, id=8972, stack(0x000000ab69600000,0x000000ab69700000)]


Current CompileTask:
C2:  18456 1407       4       java.lang.Character::charCount (12 bytes)

Stack: [0x000000ab69600000,0x000000ab69700000]
Native frames: (J=compiled Java code, j=interpreted, Vv=VM code, C=native code)
V  [jvm.dll+0x679cca]
V  [jvm.dll+0x7da13d]
V  [jvm.dll+0x7dba83]
V  [jvm.dll+0x7dc0f3]
V  [jvm.dll+0x2449af]
V  [jvm.dll+0xaba8c]
V  [jvm.dll+0xabe1c]
V  [jvm.dll+0x657560]
V  [jvm.dll+0x60dd3b]
V  [jvm.dll+0x60c24a]
V  [jvm.dll+0x21605e]
V  [jvm.dll+0x21560f]
V  [jvm.dll+0x1a2040]
V  [jvm.dll+0x225a2b]
V  [jvm.dll+0x223bcb]
V  [jvm.dll+0x7903ec]
V  [jvm.dll+0x78a85a]
V  [jvm.dll+0x678bb5]
C  [ucrtbase.dll+0x21bb2]
C  [KERNEL32.DLL+0x17374]
C  [ntdll.dll+0x4cc91]


---------------  P R O C E S S  ---------------

Threads class SMR info:
_java_thread_list=0x0000027d84639b90, length=15, elements={
0x0000027d25f09ce0, 0x0000027d25fd0b50, 0x0000027d25fd39e0, 0x0000027d3e9c58f0,
0x0000027d25fde7b0, 0x0000027d3e9c93e0, 0x0000027d3e9c9cb0, 0x0000027d3e9cacc0,
0x0000027d3e9cb770, 0x0000027d3ea3e390, 0x0000027d3ec00350, 0x0000027d3ec04ae0,
0x0000027d3ec540e0, 0x0000027d847b3040, 0x0000027d84047570
}
_to_delete_list=0x0000027d84638f60, length=16, elements={
0x0000027d25f09ce0, 0x0000027d25fd0b50, 0x0000027d25fd39e0, 0x0000027d3e9c58f0,
0x0000027d25fde7b0, 0x0000027d3e9c93e0, 0x0000027d3e9c9cb0, 0x0000027d3e9cacc0,
0x0000027d3e9cb770, 0x0000027d3ea3e390, 0x0000027d3ec00350, 0x0000027d3ec04ae0,
0x0000027d3ec540e0, 0x0000027d847b3040, 0x0000027d84046080, 0x0000027d84047570
}

Java Threads: ( => current thread )
  0x0000027d25f09ce0 JavaThread "main" [_thread_blocked, id=1948, stack(0x000000ab68800000,0x000000ab68900000)]
  0x0000027d25fd0b50 JavaThread "Reference Handler" daemon [_thread_blocked, id=5472, stack(0x000000ab69000000,0x000000ab69100000)]
  0x0000027d25fd39e0 JavaThread "Finalizer" daemon [_thread_blocked, id=10572, stack(0x000000ab69100000,0x000000ab69200000)]
  0x0000027d3e9c58f0 JavaThread "Signal Dispatcher" daemon [_thread_blocked, id=2120, stack(0x000000ab69200000,0x000000ab69300000)]
  0x0000027d25fde7b0 JavaThread "Attach Listener" daemon [_thread_blocked, id=9424, stack(0x000000ab69300000,0x000000ab69400000)]
  0x0000027d3e9c93e0 JavaThread "Service Thread" daemon [_thread_blocked, id=5924, stack(0x000000ab69400000,0x000000ab69500000)]
  0x0000027d3e9c9cb0 JavaThread "Monitor Deflation Thread" daemon [_thread_blocked, id=6544, stack(0x000000ab69500000,0x000000ab69600000)]
=>0x0000027d3e9cacc0 JavaThread "C2 CompilerThread0" daemon [_thread_in_native, id=8972, stack(0x000000ab69600000,0x000000ab69700000)]
  0x0000027d3e9cb770 JavaThread "C1 CompilerThread0" daemon [_thread_in_vm, id=12172, stack(0x000000ab69700000,0x000000ab69800000)]
  0x0000027d3ea3e390 JavaThread "Sweeper thread" daemon [_thread_blocked, id=7080, stack(0x000000ab69800000,0x000000ab69900000)]
  0x0000027d3ec00350 JavaThread "Notification Thread" daemon [_thread_blocked, id=10648, stack(0x000000ab69900000,0x000000ab69a00000)]
  0x0000027d3ec04ae0 JavaThread "Common-Cleaner" daemon [_thread_blocked, id=3040, stack(0x000000ab69b00000,0x000000ab69c00000)]
  0x0000027d3ec540e0 JavaThread "pool-1-thread-1" [_thread_blocked, id=4604, stack(0x000000ab69d00000,0x000000ab69e00000)]
  0x0000027d847b3040 JavaThread "Exec process" [_thread_in_native, id=11552, stack(0x000000ab69e00000,0x000000ab69f00000)]
  0x0000027d84047570 JavaThread "Exec process Thread 2" [_thread_blocked, id=7152, stack(0x000000ab6a000000,0x000000ab6a100000)]

Other Threads:
  0x0000027d25fcbef0 VMThread "VM Thread" [stack: 0x000000ab68f00000,0x000000ab69000000] [id=9476]
  0x0000027d3ec04850 WatcherThread [stack: 0x000000ab69a00000,0x000000ab69b00000] [id=10736]
  0x0000027d25f292f0 GCTaskThread "GC Thread#0" [stack: 0x000000ab68a00000,0x000000ab68b00000] [id=7736]
  0x0000027d3ee37d00 GCTaskThread "GC Thread#1" [stack: 0x000000ab69c00000,0x000000ab69d00000] [id=10628]
  0x0000027d25f2aa40 ConcurrentGCThread "G1 Main Marker" [stack: 0x000000ab68b00000,0x000000ab68c00000] [id=10152]
  0x0000027d25f2b450 ConcurrentGCThread "G1 Conc#0" [stack: 0x000000ab68c00000,0x000000ab68d00000] [id=12240]
  0x0000027d25f6f6d0 ConcurrentGCThread "G1 Refine#0" [stack: 0x000000ab68d00000,0x000000ab68e00000] [id=10852]
  0x0000027d25f70100 ConcurrentGCThread "G1 Service" [stack: 0x000000ab68e00000,0x000000ab68f00000] [id=9524]

Threads with active compile tasks:
C2 CompilerThread0    18477 1407       4       java.lang.Character::charCount (12 bytes)
C1 CompilerThread0    18477 1408       3       java.nio.Buffer::limit (65 bytes)

VM state: not at safepoint (normal execution)

VM Mutex/Monitor currently owned by a thread: None

Heap address: 0x00000000fc000000, size: 64 MB, Compressed Oops mode: 32-bit

CDS archive(s) mapped at: [0x0000027d3f000000-0x0000027d3fbd0000-0x0000027d3fbd0000), size 12386304, SharedBaseAddress: 0x0000027d3f000000, ArchiveRelocationMode: 1.
Compressed class space mapped at: 0x0000027d40000000-0x0000027d80000000, reserved size: 1073741824
Narrow klass base: 0x0000027d3f000000, Narrow klass shift: 0, Narrow klass range: 0x100000000

GC Precious Log:
 CPUs: 2 total, 2 available
 Memory: 8111M
 Large Page Support: Disabled
 NUMA Support: Disabled
 Compressed Oops: Enabled (32-bit)
 Heap Region Size: 1M
 Heap Min Capacity: 64M
 Heap Initial Capacity: 64M
 Heap Max Capacity: 64M
 Pre-touch: Disabled
 Parallel Workers: 2
 Concurrent Workers: 1
 Concurrent Refinement Workers: 2
 Periodic GC: Disabled

Heap:
 garbage-first heap   total 65536K, used 42040K [0x00000000fc000000, 0x0000000100000000)
  region size 1024K, 34 young (34816K), 2 survivors (2048K)
 Metaspace       used 8878K, committed 9088K, reserved 1114112K
  class space    used 1190K, committed 1280K, reserved 1048576K

Heap Regions: E=young(eden), S=young(survivor), O=old, HS=humongous(starts), HC=humongous(continues), CS=collection set, F=free, OA=open archive, CA=closed archive, TAMS=top-at-mark-start (previous, next)
|   0|0x00000000fc000000, 0x00000000fc100000, 0x00000000fc100000|100%| O|  |TAMS 0x00000000fc000000, 0x00000000fc000000| Untracked 
|   1|0x00000000fc100000, 0x00000000fc200000, 0x00000000fc200000|100%| O|  |TAMS 0x00000000fc100000, 0x00000000fc100000| Untracked 
|   2|0x00000000fc200000, 0x00000000fc300000, 0x00000000fc300000|100%|HS|  |TAMS 0x00000000fc200000, 0x00000000fc200000| Complete 
|   3|0x00000000fc300000, 0x00000000fc400000, 0x00000000fc400000|100%|HC|  |TAMS 0x00000000fc300000, 0x00000000fc300000| Complete 
|   4|0x00000000fc400000, 0x00000000fc500000, 0x00000000fc500000|100%|HC|  |TAMS 0x00000000fc400000, 0x00000000fc400000| Complete 
|   5|0x00000000fc500000, 0x00000000fc600000, 0x00000000fc600000|100%|HC|  |TAMS 0x00000000fc500000, 0x00000000fc500000| Complete 
|   6|0x00000000fc600000, 0x00000000fc700000, 0x00000000fc700000|100%| O|  |TAMS 0x00000000fc600000, 0x00000000fc600000| Untracked 
|   7|0x00000000fc700000, 0x00000000fc800000, 0x00000000fc800000|100%| O|  |TAMS 0x00000000fc700000, 0x00000000fc700000| Untracked 
|   8|0x00000000fc800000, 0x00000000fc80e200, 0x00000000fc900000|  5%| O|  |TAMS 0x00000000fc800000, 0x00000000fc800000| Untracked 
|   9|0x00000000fc900000, 0x00000000fc900000, 0x00000000fca00000|  0%| F|  |TAMS 0x00000000fc900000, 0x00000000fc900000| Untracked 
|  10|0x00000000fca00000, 0x00000000fca00000, 0x00000000fcb00000|  0%| F|  |TAMS 0x00000000fca00000, 0x00000000fca00000| Untracked 
|  11|0x00000000fcb00000, 0x00000000fcb00000, 0x00000000fcc00000|  0%| F|  |TAMS 0x00000000fcb00000, 0x00000000fcb00000| Untracked 
|  12|0x00000000fcc00000, 0x00000000fcc00000, 0x00000000fcd00000|  0%| F|  |TAMS 0x00000000fcc00000, 0x00000000fcc00000| Untracked 
|  13|0x00000000fcd00000, 0x00000000fcd00000, 0x00000000fce00000|  0%| F|  |TAMS 0x00000000fcd00000, 0x00000000fcd00000| Untracked 
|  14|0x00000000fce00000, 0x00000000fce00000, 0x00000000fcf00000|  0%| F|  |TAMS 0x00000000fce00000, 0x00000000fce00000| Untracked 
|  15|0x00000000fcf00000, 0x00000000fcf00000, 0x00000000fd000000|  0%| F|  |TAMS 0x00000000fcf00000, 0x00000000fcf00000| Untracked 
|  16|0x00000000fd000000, 0x00000000fd000000, 0x00000000fd100000|  0%| F|  |TAMS 0x00000000fd000000, 0x00000000fd000000| Untracked 
|  17|0x00000000fd100000, 0x00000000fd100000, 0x00000000fd200000|  0%| F|  |TAMS 0x00000000fd100000, 0x00000000fd100000| Untracked 
|  18|0x00000000fd200000, 0x00000000fd200000, 0x00000000fd300000|  0%| F|  |TAMS 0x00000000fd200000, 0x00000000fd200000| Untracked 
|  19|0x00000000fd300000, 0x00000000fd300000, 0x00000000fd400000|  0%| F|  |TAMS 0x00000000fd300000, 0x00000000fd300000| Untracked 
|  20|0x00000000fd400000, 0x00000000fd400000, 0x00000000fd500000|  0%| F|  |TAMS 0x00000000fd400000, 0x00000000fd400000| Untracked 
|  21|0x00000000fd500000, 0x00000000fd500000, 0x00000000fd600000|  0%| F|  |TAMS 0x00000000fd500000, 0x00000000fd500000| Untracked 
|  22|0x00000000fd600000, 0x00000000fd600000, 0x00000000fd700000|  0%| F|  |TAMS 0x00000000fd600000, 0x00000000fd600000| Untracked 
|  23|0x00000000fd700000, 0x00000000fd700000, 0x00000000fd800000|  0%| F|  |TAMS 0x00000000fd700000, 0x00000000fd700000| Untracked 
|  24|0x00000000fd800000, 0x00000000fd800000, 0x00000000fd900000|  0%| F|  |TAMS 0x00000000fd800000, 0x00000000fd800000| Untracked 
|  25|0x00000000fd900000, 0x00000000fd900000, 0x00000000fda00000|  0%| F|  |TAMS 0x00000000fd900000, 0x00000000fd900000| Untracked 
|  26|0x00000000fda00000, 0x00000000fda00000, 0x00000000fdb00000|  0%| F|  |TAMS 0x00000000fda00000, 0x00000000fda00000| Untracked 
|  27|0x00000000fdb00000, 0x00000000fdb00000, 0x00000000fdc00000|  0%| F|  |TAMS 0x00000000fdb00000, 0x00000000fdb00000| Untracked 
|  28|0x00000000fdc00000, 0x00000000fdc00000, 0x00000000fdd00000|  0%| F|  |TAMS 0x00000000fdc00000, 0x00000000fdc00000| Untracked 
|  29|0x00000000fdd00000, 0x00000000fdd00000, 0x00000000fde00000|  0%| F|  |TAMS 0x00000000fdd00000, 0x00000000fdd00000| Untracked 
|  30|0x00000000fde00000, 0x00000000fde598b0, 0x00000000fdf00000| 34%| E|  |TAMS 0x00000000fde00000, 0x00000000fde00000| Complete 
|  31|0x00000000fdf00000, 0x00000000fe000000, 0x00000000fe000000|100%| E|CS|TAMS 0x00000000fdf00000, 0x00000000fdf00000| Complete 
|  32|0x00000000fe000000, 0x00000000fe100000, 0x00000000fe100000|100%| E|CS|TAMS 0x00000000fe000000, 0x00000000fe000000| Complete 
|  33|0x00000000fe100000, 0x00000000fe200000, 0x00000000fe200000|100%| E|CS|TAMS 0x00000000fe100000, 0x00000000fe100000| Complete 
|  34|0x00000000fe200000, 0x00000000fe300000, 0x00000000fe300000|100%| E|CS|TAMS 0x00000000fe200000, 0x00000000fe200000| Complete 
|  35|0x00000000fe300000, 0x00000000fe400000, 0x00000000fe400000|100%| E|CS|TAMS 0x00000000fe300000, 0x00000000fe300000| Complete 
|  36|0x00000000fe400000, 0x00000000fe500000, 0x00000000fe500000|100%| E|CS|TAMS 0x00000000fe400000, 0x00000000fe400000| Complete 
|  37|0x00000000fe500000, 0x00000000fe600000, 0x00000000fe600000|100%| E|CS|TAMS 0x00000000fe500000, 0x00000000fe500000| Complete 
|  38|0x00000000fe600000, 0x00000000fe700000, 0x00000000fe700000|100%| E|CS|TAMS 0x00000000fe600000, 0x00000000fe600000| Complete 
|  39|0x00000000fe700000, 0x00000000fe800000, 0x00000000fe800000|100%| E|CS|TAMS 0x00000000fe700000, 0x00000000fe700000| Complete 
|  40|0x00000000fe800000, 0x00000000fe900000, 0x00000000fe900000|100%| E|CS|TAMS 0x00000000fe800000, 0x00000000fe800000| Complete 
|  41|0x00000000fe900000, 0x00000000fea00000, 0x00000000fea00000|100%| E|CS|TAMS 0x00000000fe900000, 0x00000000fe900000| Complete 
|  42|0x00000000fea00000, 0x00000000feb00000, 0x00000000feb00000|100%| E|CS|TAMS 0x00000000fea00000, 0x00000000fea00000| Complete 
|  43|0x00000000feb00000, 0x00000000fec00000, 0x00000000fec00000|100%| E|CS|TAMS 0x00000000feb00000, 0x00000000feb00000| Complete 
|  44|0x00000000fec00000, 0x00000000fed00000, 0x00000000fed00000|100%| E|CS|TAMS 0x00000000fec00000, 0x00000000fec00000| Complete 
|  45|0x00000000fed00000, 0x00000000fee00000, 0x00000000fee00000|100%| E|CS|TAMS 0x00000000fed00000, 0x00000000fed00000| Complete 
|  46|0x00000000fee00000, 0x00000000fef00000, 0x00000000fef00000|100%| E|CS|TAMS 0x00000000fee00000, 0x00000000fee00000| Complete 
|  47|0x00000000fef00000, 0x00000000ff000000, 0x00000000ff000000|100%| E|CS|TAMS 0x00000000fef00000, 0x00000000fef00000| Complete 
|  48|0x00000000ff000000, 0x00000000ff100000, 0x00000000ff100000|100%| S|CS|TAMS 0x00000000ff000000, 0x00000000ff000000| Complete 
|  49|0x00000000ff100000, 0x00000000ff200000, 0x00000000ff200000|100%| S|CS|TAMS 0x00000000ff100000, 0x00000000ff100000| Complete 
|  50|0x00000000ff200000, 0x00000000ff300000, 0x00000000ff300000|100%| E|CS|TAMS 0x00000000ff200000, 0x00000000ff200000| Complete 
|  51|0x00000000ff300000, 0x00000000ff400000, 0x00000000ff400000|100%| E|CS|TAMS 0x00000000ff300000, 0x00000000ff300000| Complete 
|  52|0x00000000ff400000, 0x00000000ff500000, 0x00000000ff500000|100%| E|CS|TAMS 0x00000000ff400000, 0x00000000ff400000| Complete 
|  53|0x00000000ff500000, 0x00000000ff600000, 0x00000000ff600000|100%| E|CS|TAMS 0x00000000ff500000, 0x00000000ff500000| Complete 
|  54|0x00000000ff600000, 0x00000000ff700000, 0x00000000ff700000|100%| E|CS|TAMS 0x00000000ff600000, 0x00000000ff600000| Complete 
|  55|0x00000000ff700000, 0x00000000ff800000, 0x00000000ff800000|100%| E|CS|TAMS 0x00000000ff700000, 0x00000000ff700000| Complete 
|  56|0x00000000ff800000, 0x00000000ff900000, 0x00000000ff900000|100%| E|CS|TAMS 0x00000000ff800000, 0x00000000ff800000| Complete 
|  57|0x00000000ff900000, 0x00000000ffa00000, 0x00000000ffa00000|100%| E|CS|TAMS 0x00000000ff900000, 0x00000000ff900000| Complete 
|  58|0x00000000ffa00000, 0x00000000ffb00000, 0x00000000ffb00000|100%| E|CS|TAMS 0x00000000ffa00000, 0x00000000ffa00000| Complete 
|  59|0x00000000ffb00000, 0x00000000ffc00000, 0x00000000ffc00000|100%| E|CS|TAMS 0x00000000ffb00000, 0x00000000ffb00000| Complete 
|  60|0x00000000ffc00000, 0x00000000ffd00000, 0x00000000ffd00000|100%| E|CS|TAMS 0x00000000ffc00000, 0x00000000ffc00000| Complete 
|  61|0x00000000ffd00000, 0x00000000ffe00000, 0x00000000ffe00000|100%| E|CS|TAMS 0x00000000ffd00000, 0x00000000ffd00000| Complete 
|  62|0x00000000ffe00000, 0x00000000fff00000, 0x00000000fff00000|100%| E|CS|TAMS 0x00000000ffe00000, 0x00000000ffe00000| Complete 
|  63|0x00000000fff00000, 0x0000000100000000, 0x0000000100000000|100%| E|CS|TAMS 0x00000000fff00000, 0x00000000fff00000| Complete 

Card table byte_map: [0x0000027d25b00000,0x0000027d25b20000] _byte_map_base: 0x0000027d25320000

Marking Bits (Prev, Next): (CMBitMap*) 0x0000027d25f29910, (CMBitMap*) 0x0000027d25f29950
 Prev Bits: [0x0000027d25b40000, 0x0000027d25c40000)
 Next Bits: [0x0000027d25c40000, 0x0000027d25d40000)

Polling page: 0x0000027d23d30000

Metaspace:

Usage:
  Non-class:      7.51 MB used.
      Class:      1.16 MB used.
       Both:      8.67 MB used.

Virtual space:
  Non-class space:       64.00 MB reserved,       7.62 MB ( 12%) committed,  1 nodes.
      Class space:        1.00 GB reserved,       1.25 MB ( <1%) committed,  1 nodes.
             Both:        1.06 GB reserved,       8.88 MB ( <1%) committed. 

Chunk freelists:
   Non-Class:  7.79 MB
       Class:  14.77 MB
        Both:  22.57 MB

MaxMetaspaceSize: unlimited
CompressedClassSpaceSize: 1.00 GB
Initial GC threshold: 21.00 MB
Current GC threshold: 21.00 MB
CDS: on
MetaspaceReclaimPolicy: balanced
 - commit_granule_bytes: 65536.
 - commit_granule_words: 8192.
 - virtual_space_node_default_size: 8388608.
 - enlarge_chunks_in_place: 1.
 - new_chunks_are_fully_committed: 0.
 - uncommit_free_chunks: 1.
 - use_allocation_guard: 0.
 - handle_deallocations: 1.


Internal statistics:

num_allocs_failed_limit: 0.
num_arena_births: 82.
num_arena_deaths: 0.
num_vsnodes_births: 2.
num_vsnodes_deaths: 0.
num_space_committed: 142.
num_space_uncommitted: 0.
num_chunks_returned_to_freelist: 0.
num_chunks_taken_from_freelist: 327.
num_chunk_merges: 0.
num_chunk_splits: 214.
num_chunks_enlarged: 180.
num_inconsistent_stats: 0.

CodeHeap 'non-profiled nmethods': size=120064Kb used=616Kb max_used=616Kb free=119447Kb
 bounds [0x0000027d35290000, 0x0000027d35500000, 0x0000027d3c7d0000]
CodeHeap 'profiled nmethods': size=120000Kb used=2764Kb max_used=2764Kb free=117235Kb
 bounds [0x0000027d2d7d0000, 0x0000027d2da90000, 0x0000027d34d00000]
CodeHeap 'non-nmethods': size=5696Kb used=1170Kb max_used=1181Kb free=4525Kb
 bounds [0x0000027d34d00000, 0x0000027d34f70000, 0x0000027d35290000]
 total_blobs=1863 nmethods=1394 adapters=383
 compilation: enabled
              stopped_count=0, restarted_count=0
 full_count=0

Compilation events (20 events):
Event: 14.938 Thread 0x0000027d3e9cb770 nmethod 1397 0x0000027d2da7fc90 code [0x0000027d2da7ff60, 0x0000027d2da80d48]
Event: 14.939 Thread 0x0000027d3e9cb770 1398       3       java.lang.invoke.MethodHandles$Lookup::hasFullPrivilegeAccess (18 bytes)
Event: 14.939 Thread 0x0000027d3e9cb770 nmethod 1398 0x0000027d2da81290 code [0x0000027d2da81420, 0x0000027d2da81598]
Event: 15.219 Thread 0x0000027d3e9cb770 1399       3       java.util.concurrent.ThreadPoolExecutor::runStateAtLeast (11 bytes)
Event: 15.337 Thread 0x0000027d3e9cb770 nmethod 1399 0x0000027d2da81610 code [0x0000027d2da817a0, 0x0000027d2da818f8]
Event: 15.337 Thread 0x0000027d3e9cb770 1400       3       java.lang.StringUTF16::getChar (60 bytes)
Event: 15.337 Thread 0x0000027d3e9cb770 nmethod 1400 0x0000027d2da81990 code [0x0000027d2da81b20, 0x0000027d2da81c98]
Event: 15.338 Thread 0x0000027d3e9cacc0 1401       4       java.lang.StringUTF16::getChar (60 bytes)
Event: 15.338 Thread 0x0000027d3e9cacc0 nmethod 1401 0x0000027d35329a90 code [0x0000027d35329c00, 0x0000027d35329cd8]
Event: 15.751 Thread 0x0000027d3e9cb770 1402       3       java.util.concurrent.locks.AbstractQueuedSynchronizer::compareAndSetState (13 bytes)
Event: 15.751 Thread 0x0000027d3e9cb770 nmethod 1402 0x0000027d2da81d90 code [0x0000027d2da81f20, 0x0000027d2da82058]
Event: 15.751 Thread 0x0000027d3e9cb770 1403       3       java.util.concurrent.locks.AbstractQueuedSynchronizer::release (19 bytes)
Event: 15.751 Thread 0x0000027d3e9cb770 nmethod 1403 0x0000027d2da82110 code [0x0000027d2da82300, 0x0000027d2da82788]
Event: 17.973 Thread 0x0000027d3e9cb770 1404       3       java.util.concurrent.locks.ReentrantLock$Sync::tryRelease (51 bytes)
Event: 17.973 Thread 0x0000027d3e9cb770 nmethod 1404 0x0000027d2da82910 code [0x0000027d2da82ac0, 0x0000027d2da82e08]
Event: 18.229 Thread 0x0000027d3e9cb770 1405       1       org.gradle.internal.logging.events.UpdateNowEvent::getTimestamp (5 bytes)
Event: 18.230 Thread 0x0000027d3e9cb770 nmethod 1405 0x0000027d35329d90 code [0x0000027d35329f20, 0x0000027d35329ff8]
Event: 18.455 Thread 0x0000027d3e9cb770 1406       3       java.lang.Character::isHighSurrogate (18 bytes)
Event: 18.455 Thread 0x0000027d3e9cb770 nmethod 1406 0x0000027d2da82f10 code [0x0000027d2da830a0, 0x0000027d2da83238]
Event: 18.455 Thread 0x0000027d3e9cacc0 1407       4       java.lang.Character::charCount (12 bytes)

GC Heap History (6 events):
Event: 4.149 GC heap before
{Heap before GC invocations=0 (full 0):
 garbage-first heap   total 65536K, used 6144K [0x00000000fc000000, 0x0000000100000000)
  region size 1024K, 6 young (6144K), 0 survivors (0K)
 Metaspace       used 1613K, committed 1664K, reserved 1114112K
  class space    used 153K, committed 192K, reserved 1048576K
}
Event: 4.303 GC heap after
{Heap after GC invocations=1 (full 0):
 garbage-first heap   total 65536K, used 1217K [0x00000000fc000000, 0x0000000100000000)
  region size 1024K, 1 young (1024K), 1 survivors (1024K)
 Metaspace       used 1613K, committed 1664K, reserved 1114112K
  class space    used 153K, committed 192K, reserved 1048576K
}
Event: 4.874 GC heap before
{Heap before GC invocations=1 (full 0):
 garbage-first heap   total 65536K, used 6337K [0x00000000fc000000, 0x0000000100000000)
  region size 1024K, 7 young (7168K), 1 survivors (1024K)
 Metaspace       used 1650K, committed 1792K, reserved 1114112K
  class space    used 153K, committed 192K, reserved 1048576K
}
Event: 4.876 GC heap after
{Heap after GC invocations=2 (full 0):
 garbage-first heap   total 65536K, used 1611K [0x00000000fc000000, 0x0000000100000000)
  region size 1024K, 1 young (1024K), 1 survivors (1024K)
 Metaspace       used 1650K, committed 1792K, reserved 1114112K
  class space    used 153K, committed 192K, reserved 1048576K
}
Event: 8.804 GC heap before
{Heap before GC invocations=2 (full 0):
 garbage-first heap   total 65536K, used 17995K [0x00000000fc000000, 0x0000000100000000)
  region size 1024K, 14 young (14336K), 1 survivors (1024K)
 Metaspace       used 1870K, committed 1984K, reserved 1114112K
  class space    used 158K, committed 192K, reserved 1048576K
}
Event: 8.807 GC heap after
{Heap after GC invocations=3 (full 0):
 garbage-first heap   total 65536K, used 10296K [0x00000000fc000000, 0x0000000100000000)
  region size 1024K, 2 young (2048K), 2 survivors (2048K)
 Metaspace       used 1870K, committed 1984K, reserved 1114112K
  class space    used 158K, committed 192K, reserved 1048576K
}

Deoptimization events (20 events):
Event: 15.339 Thread 0x0000027d847b3040 Uncommon trap: trap_request=0xffffff6e fr.pc=0x0000027d35305064 relative=0x00000000000003c4
Event: 15.339 Thread 0x0000027d847b3040 Uncommon trap: reason=loop_limit_check action=maybe_recompile pc=0x0000027d35305064 method=java.lang.StringLatin1.indexOf([BI[BII)I @ 37 c2
Event: 15.339 Thread 0x0000027d847b3040 DEOPT PACKING pc=0x0000027d35305064 sp=0x000000ab69efedc0
Event: 15.339 Thread 0x0000027d847b3040 DEOPT UNPACKING pc=0x0000027d34d5239d sp=0x000000ab69efed48 mode 2
Event: 15.339 Thread 0x0000027d847b3040 Uncommon trap: trap_request=0xffffff45 fr.pc=0x0000027d352cdf44 relative=0x0000000000000484
Event: 15.339 Thread 0x0000027d847b3040 Uncommon trap: reason=unstable_if action=reinterpret pc=0x0000027d352cdf44 method=java.lang.AbstractStringBuilder.putStringAt(ILjava/lang/String;II)V @ 8 c2
Event: 15.339 Thread 0x0000027d847b3040 DEOPT PACKING pc=0x0000027d352cdf44 sp=0x000000ab69efee80
Event: 15.339 Thread 0x0000027d847b3040 DEOPT UNPACKING pc=0x0000027d34d5239d sp=0x000000ab69efed08 mode 2
Event: 15.339 Thread 0x0000027d847b3040 Uncommon trap: trap_request=0xffffff45 fr.pc=0x0000027d352ceabc relative=0x000000000000047c
Event: 15.339 Thread 0x0000027d847b3040 Uncommon trap: reason=unstable_if action=reinterpret pc=0x0000027d352ceabc method=java.lang.AbstractStringBuilder.putStringAt(ILjava/lang/String;II)V @ 8 c2
Event: 15.339 Thread 0x0000027d847b3040 DEOPT PACKING pc=0x0000027d352ceabc sp=0x000000ab69efee10
Event: 15.340 Thread 0x0000027d847b3040 DEOPT UNPACKING pc=0x0000027d34d5239d sp=0x000000ab69efed00 mode 2
Event: 15.340 Thread 0x0000027d847b3040 Uncommon trap: trap_request=0xffffff45 fr.pc=0x0000027d352fcfd8 relative=0x0000000000000338
Event: 15.340 Thread 0x0000027d847b3040 Uncommon trap: reason=unstable_if action=reinterpret pc=0x0000027d352fcfd8 method=java.lang.AbstractStringBuilder.isLatin1()Z @ 10 c2
Event: 15.340 Thread 0x0000027d847b3040 DEOPT PACKING pc=0x0000027d352fcfd8 sp=0x000000ab69efee90
Event: 15.340 Thread 0x0000027d847b3040 DEOPT UNPACKING pc=0x0000027d34d5239d sp=0x000000ab69efee10 mode 2
Event: 18.454 Thread 0x0000027d847b3040 Uncommon trap: trap_request=0xffffff45 fr.pc=0x0000027d3529ce80 relative=0x0000000000000080
Event: 18.454 Thread 0x0000027d847b3040 Uncommon trap: reason=unstable_if action=reinterpret pc=0x0000027d3529ce80 method=java.lang.String.codePointAt(I)I @ 4 c2
Event: 18.454 Thread 0x0000027d847b3040 DEOPT PACKING pc=0x0000027d3529ce80 sp=0x000000ab69efee20
Event: 18.454 Thread 0x0000027d847b3040 DEOPT UNPACKING pc=0x0000027d34d5239d sp=0x000000ab69efedb8 mode 2

Classes unloaded (0 events):
No events

Classes redefined (0 events):
No events

Internal exceptions (20 events):
Event: 9.898 Thread 0x0000027d25f09ce0 Exception <a 'java/lang/NoSuchMethodError'{0x00000000ff7e6190}: 'java.lang.Object java.lang.invoke.DirectMethodHandle$Holder.invokeStatic(java.lang.Object, java.lang.Object, int)'> (0x00000000ff7e6190) 
thrown [s\open\src\hotspot\share\interpreter\linkResolver.cpp, line 759]
Event: 9.907 Thread 0x0000027d25f09ce0 Exception <a 'java/lang/NoSuchMethodError'{0x00000000ff7f1e80}: 'void java.lang.invoke.DelegatingMethodHandle$Holder.delegate(java.lang.Object, java.lang.Object, int, java.lang.Object)'> (0x00000000ff7f1e80) 
thrown [s\open\src\hotspot\share\interpreter\linkResolver.cpp, line 759]
Event: 9.909 Thread 0x0000027d25f09ce0 Exception <a 'java/lang/NoSuchMethodError'{0x00000000ff7f5eb8}: 'int java.lang.invoke.DirectMethodHandle$Holder.invokeSpecial(java.lang.Object, java.lang.Object, java.lang.Object)'> (0x00000000ff7f5eb8) 
thrown [s\open\src\hotspot\share\interpreter\linkResolver.cpp, line 759]
Event: 9.919 Thread 0x0000027d25f09ce0 Exception <a 'java/lang/NoSuchMethodError'{0x00000000ff609618}: 'java.lang.Object java.lang.invoke.Invokers$Holder.invokeExact_MT(java.lang.Object, java.lang.Object, java.lang.Object, java.lang.Object)'> (0x00000000ff609618) 
thrown [s\open\src\hotspot\share\interpreter\linkResolver.cpp, line 759]
Event: 10.008 Thread 0x0000027d25f09ce0 Exception <a 'java/lang/NoSuchMethodError'{0x00000000ff63b970}: 'java.lang.Object java.lang.invoke.DirectMethodHandle$Holder.invokeVirtual(java.lang.Object, java.lang.Object, java.lang.Object)'> (0x00000000ff63b970) 
thrown [s\open\src\hotspot\share\interpreter\linkResolver.cpp, line 759]
Event: 10.419 Thread 0x0000027d25f09ce0 Exception <a 'java/lang/NoSuchMethodError'{0x00000000ff35d000}: 'java.lang.Object java.lang.invoke.DirectMethodHandle$Holder.newInvokeSpecial(java.lang.Object, java.lang.Object, java.lang.Object, java.lang.Object, java.lang.Object)'> (0x00000000ff35d000) 
thrown [s\open\src\hotspot\share\interpreter\linkResolver.cpp, line 759]
Event: 10.883 Thread 0x0000027d25f09ce0 Exception <a 'java/lang/NoSuchMethodError'{0x00000000fee89ed8}: 'void java.lang.invoke.DirectMethodHandle$Holder.invokeSpecial(java.lang.Object, java.lang.Object, java.lang.Object)'> (0x00000000fee89ed8) 
thrown [s\open\src\hotspot\share\interpreter\linkResolver.cpp, line 759]
Event: 10.977 Thread 0x0000027d25f09ce0 Implicit null exception at 0x0000027d352eff8f to 0x0000027d352f0494
Event: 10.977 Thread 0x0000027d25f09ce0 Implicit null exception at 0x0000027d352d700f to 0x0000027d352d7524
Event: 11.213 Thread 0x0000027d25f09ce0 Exception <a 'java/lang/NoSuchMethodError'{0x00000000fedff110}: 'java.lang.Object java.lang.invoke.DirectMethodHandle$Holder.invokeStaticInit(java.lang.Object)'> (0x00000000fedff110) 
thrown [s\open\src\hotspot\share\interpreter\linkResolver.cpp, line 759]
Event: 11.258 Thread 0x0000027d25f09ce0 Exception <a 'java/lang/NoSuchMethodError'{0x00000000feca2ac0}: 'int java.lang.invoke.DirectMethodHandle$Holder.invokeVirtual(java.lang.Object, java.lang.Object, java.lang.Object)'> (0x00000000feca2ac0) 
thrown [s\open\src\hotspot\share\interpreter\linkResolver.cpp, line 759]
Event: 11.576 Thread 0x0000027d25f09ce0 Exception <a 'java/lang/NoSuchMethodError'{0x00000000feaf57d8}: 'java.lang.Object java.lang.invoke.DirectMethodHandle$Holder.invokeSpecialIFC(java.lang.Object, java.lang.Object, java.lang.Object, java.lang.Object)'> (0x00000000feaf57d8) 
thrown [s\open\src\hotspot\share\interpreter\linkResolver.cpp, line 759]
Event: 11.852 Thread 0x0000027d25f09ce0 Exception <a 'java/lang/NoSuchMethodError'{0x00000000fe7c0d08}: 'java.lang.Object java.lang.invoke.DirectMethodHandle$Holder.invokeStaticInit(java.lang.Object, int, int, int, int)'> (0x00000000fe7c0d08) 
thrown [s\open\src\hotspot\share\interpreter\linkResolver.cpp, line 759]
Event: 12.489 Thread 0x0000027d25f09ce0 Exception <a 'java/lang/NoSuchMethodError'{0x00000000fe7ed750}: 'java.lang.Object java.lang.invoke.DirectMethodHandle$Holder.invokeStaticInit(java.lang.Object, java.lang.Object, int, int, int, int)'> (0x00000000fe7ed750) 
thrown [s\open\src\hotspot\share\interpreter\linkResolver.cpp, line 759]
Event: 13.045 Thread 0x0000027d25f09ce0 Exception <a 'java/lang/NoSuchMethodError'{0x00000000fe61fbf8}: 'void java.lang.invoke.DirectMethodHandle$Holder.invokeStatic(java.lang.Object, java.lang.Object, java.lang.Object)'> (0x00000000fe61fbf8) 
thrown [s\open\src\hotspot\share\interpreter\linkResolver.cpp, line 759]
Event: 14.901 Thread 0x0000027d847b3040 Exception <a 'java/lang/NoSuchMethodError'{0x00000000fdf0eb40}: 'void java.lang.invoke.DirectMethodHandle$Holder.invokeStatic(java.lang.Object, long)'> (0x00000000fdf0eb40) 
thrown [s\open\src\hotspot\share\interpreter\linkResolver.cpp, line 759]
Event: 14.902 Thread 0x0000027d847b3040 Exception <a 'java/lang/NoSuchMethodError'{0x00000000fdf14498}: 'java.lang.Object java.lang.invoke.DirectMethodHandle$Holder.newInvokeSpecial(java.lang.Object, long)'> (0x00000000fdf14498) 
thrown [s\open\src\hotspot\share\interpreter\linkResolver.cpp, line 759]
Event: 14.906 Thread 0x0000027d847b3040 Exception <a 'java/lang/NoSuchMethodError'{0x00000000fdf1f360}: 'java.lang.Object java.lang.invoke.DirectMethodHandle$Holder.invokeStaticInit(java.lang.Object, java.lang.Object, long, java.lang.Object)'> (0x00000000fdf1f360) 
thrown [s\open\src\hotspot\share\interpreter\linkResolver.cpp, line 759]
Event: 14.907 Thread 0x0000027d847b3040 Exception <a 'java/lang/NoSuchMethodError'{0x00000000fdf259e8}: 'java.lang.Object java.lang.invoke.DirectMethodHandle$Holder.newInvokeSpecial(java.lang.Object, java.lang.Object, long)'> (0x00000000fdf259e8) 
thrown [s\open\src\hotspot\share\interpreter\linkResolver.cpp, line 759]
Event: 14.908 Thread 0x0000027d847b3040 Exception <a 'java/lang/NoSuchMethodError'{0x00000000fdf29cd8}: 'java.lang.Object java.lang.invoke.Invokers$Holder.linkToTargetMethod(java.lang.Object, long, java.lang.Object)'> (0x00000000fdf29cd8) 
thrown [s\open\src\hotspot\share\interpreter\linkResolver.cpp, line 759]

VM Operations (20 events):
Event: 9.822 Executing VM operation: HandshakeAllThreads
Event: 9.822 Executing VM operation: HandshakeAllThreads done
Event: 9.898 Executing VM operation: HandshakeAllThreads
Event: 9.898 Executing VM operation: HandshakeAllThreads done
Event: 10.897 Executing VM operation: Cleanup
Event: 10.897 Executing VM operation: Cleanup done
Event: 11.584 Executing VM operation: HandshakeAllThreads
Event: 11.584 Executing VM operation: HandshakeAllThreads done
Event: 12.394 Executing VM operation: HandshakeAllThreads
Event: 12.394 Executing VM operation: HandshakeAllThreads done
Event: 12.394 Executing VM operation: Cleanup
Event: 12.394 Executing VM operation: Cleanup done
Event: 13.396 Executing VM operation: Cleanup
Event: 13.413 Executing VM operation: Cleanup done
Event: 14.417 Executing VM operation: Cleanup
Event: 14.417 Executing VM operation: Cleanup done
Event: 14.939 Executing VM operation: HandshakeAllThreads
Event: 15.337 Executing VM operation: HandshakeAllThreads done
Event: 16.348 Executing VM operation: Cleanup
Event: 16.348 Executing VM operation: Cleanup done

Events (20 events):
Event: 14.923 loading class java/util/concurrent/locks/AbstractQueuedSynchronizer$ExclusiveNode
Event: 14.923 loading class java/util/concurrent/locks/AbstractQueuedSynchronizer$ExclusiveNode done
Event: 14.923 Thread 0x0000027d84047570 Thread added: 0x0000027d84047570
Event: 14.923 loading class java/util/Scanner
Event: 14.924 loading class java/util/Scanner done
Event: 14.925 loading class java/util/Scanner$PatternLRUCache
Event: 14.925 loading class java/util/Scanner$PatternLRUCache done
Event: 14.928 loading class jdk/internal/module/ModulePatcher$PatchedModuleReader
Event: 14.928 loading class jdk/internal/module/ModulePatcher$PatchedModuleReader done
Event: 14.929 loading class sun/net/www/protocol/jrt/Handler
Event: 14.929 loading class sun/net/www/protocol/jrt/Handler done
Event: 14.935 loading class sun/text/resources/cldr/FormatData_en
Event: 14.935 loading class sun/text/resources/cldr/FormatData_en done
Event: 14.936 loading class sun/text/resources/cldr/FormatData_en_US
Event: 14.936 loading class sun/text/resources/cldr/FormatData_en_US done
Event: 15.340 loading class java/io/PrintWriter
Event: 15.340 loading class java/io/PrintWriter done
Event: 15.340 Thread 0x0000027d84046080 Thread exited: 0x0000027d84046080
Event: 18.455 loading class java/util/regex/Matcher$ImmutableMatchResult
Event: 18.455 loading class java/util/regex/Matcher$ImmutableMatchResult done


Dynamic libraries:
0x00007ff7c1520000 - 0x00007ff7c1530000 	C:\Program Files\Java\jdk-17\bin\java.exe
0x00007fff46cf0000 - 0x00007fff46ee8000 	C:\Windows\SYSTEM32\ntdll.dll
0x00007fff46830000 - 0x00007fff468f2000 	C:\Windows\System32\KERNEL32.DLL
0x00007fff44a10000 - 0x00007fff44d0e000 	C:\Windows\System32\KERNELBASE.dll
0x00007fff44910000 - 0x00007fff44a10000 	C:\Windows\System32\ucrtbase.dll
0x00007fff31cc0000 - 0x00007fff31cd9000 	C:\Program Files\Java\jdk-17\bin\jli.dll
0x00007fff46460000 - 0x00007fff46512000 	C:\Windows\System32\ADVAPI32.dll
0x00007fff465b0000 - 0x00007fff4664e000 	C:\Windows\System32\msvcrt.dll
0x00007fff44d10000 - 0x00007fff44db0000 	C:\Windows\System32\sechost.dll
0x00007fff469e0000 - 0x00007fff46b03000 	C:\Windows\System32\RPCRT4.dll
0x00007fff44710000 - 0x00007fff44737000 	C:\Windows\System32\bcrypt.dll
0x00007fff46b10000 - 0x00007fff46cad000 	C:\Windows\System32\USER32.dll
0x00007fff444f0000 - 0x00007fff44512000 	C:\Windows\System32\win32u.dll
0x00007fff467e0000 - 0x00007fff4680b000 	C:\Windows\System32\GDI32.dll
0x00007fff44740000 - 0x00007fff44857000 	C:\Windows\System32\gdi32full.dll
0x00007fff445b0000 - 0x00007fff4464d000 	C:\Windows\System32\msvcp_win.dll
0x00007fff31ca0000 - 0x00007fff31cbb000 	C:\Program Files\Java\jdk-17\bin\VCRUNTIME140.dll
0x00007fff2f990000 - 0x00007fff2fc2a000 	C:\Windows\WinSxS\amd64_microsoft.windows.common-controls_6595b64144ccf1df_6.0.19041.4355_none_60b8b9eb71f62e16\COMCTL32.dll
0x00007fff349f0000 - 0x00007fff349fa000 	C:\Windows\SYSTEM32\VERSION.dll
0x00007fff46430000 - 0x00007fff4645f000 	C:\Windows\System32\IMM32.DLL
0x00007fff35d80000 - 0x00007fff35d8c000 	C:\Program Files\Java\jdk-17\bin\vcruntime140_1.dll
0x00007ffefa6c0000 - 0x00007ffefa74e000 	C:\Program Files\Java\jdk-17\bin\msvcp140.dll
0x00007ffef88b0000 - 0x00007ffef9490000 	C:\Program Files\Java\jdk-17\bin\server\jvm.dll
0x00007fff46590000 - 0x00007fff46598000 	C:\Windows\System32\PSAPI.DLL
0x00007fff35b00000 - 0x00007fff35b09000 	C:\Windows\SYSTEM32\WSOCK32.dll
0x00007fff463c0000 - 0x00007fff4642b000 	C:\Windows\System32\WS2_32.dll
0x00007fff28ec0000 - 0x00007fff28ee7000 	C:\Windows\SYSTEM32\WINMM.dll
0x00007fff421f0000 - 0x00007fff42202000 	C:\Windows\SYSTEM32\kernel.appcore.dll
0x00007fff340e0000 - 0x00007fff340ea000 	C:\Program Files\Java\jdk-17\bin\jimage.dll
0x00007fff3d5b0000 - 0x00007fff3d794000 	C:\Windows\SYSTEM32\DBGHELP.DLL
0x00007fff3d2d0000 - 0x00007fff3d304000 	C:\Windows\SYSTEM32\dbgcore.DLL
0x00007fff44520000 - 0x00007fff445a2000 	C:\Windows\System32\bcryptPrimitives.dll
0x00007ffefa690000 - 0x00007ffefa6b5000 	C:\Program Files\Java\jdk-17\bin\java.dll
0x00007ffef87d0000 - 0x00007ffef88a7000 	C:\Program Files\Java\jdk-17\bin\jsvml.dll
0x00007fff45aa0000 - 0x00007fff4620f000 	C:\Windows\System32\SHELL32.dll
0x00007fff423f0000 - 0x00007fff42b94000 	C:\Windows\SYSTEM32\windows.storage.dll
0x00007fff45500000 - 0x00007fff45853000 	C:\Windows\System32\combase.dll
0x00007fff43c10000 - 0x00007fff43c3e000 	C:\Windows\SYSTEM32\Wldp.dll
0x00007fff458c0000 - 0x00007fff4598d000 	C:\Windows\System32\OLEAUT32.dll
0x00007fff45450000 - 0x00007fff454fd000 	C:\Windows\System32\SHCORE.dll
0x00007fff45860000 - 0x00007fff458b5000 	C:\Windows\System32\shlwapi.dll
0x00007fff442c0000 - 0x00007fff442e4000 	C:\Windows\SYSTEM32\profapi.dll
0x00007fff31c80000 - 0x00007fff31c99000 	C:\Program Files\Java\jdk-17\bin\net.dll
0x00007fff3e8e0000 - 0x00007fff3e9ed000 	C:\Windows\SYSTEM32\WINHTTP.dll
0x00007fff439f0000 - 0x00007fff43a5a000 	C:\Windows\system32\mswsock.dll
0x00007fff154d0000 - 0x00007fff154e6000 	C:\Program Files\Java\jdk-17\bin\nio.dll
0x00007ffefeb00000 - 0x00007ffefeb18000 	C:\Program Files\Java\jdk-17\bin\zip.dll
0x00007fff3da20000 - 0x00007fff3da30000 	C:\Program Files\Java\jdk-17\bin\verify.dll
0x00007fff2d680000 - 0x00007fff2d6a7000 	C:\Users\admin\.gradle\native\c067742578af261105cb4f569cf0c3c89f3d7b1fecec35dd04571415982c5e48\windows-amd64\native-platform.dll
0x00007fff30c60000 - 0x00007fff30c6a000 	C:\Program Files\Java\jdk-17\bin\management.dll
0x00007fff2d1f0000 - 0x00007fff2d1fb000 	C:\Program Files\Java\jdk-17\bin\management_ext.dll
0x00007fff43f60000 - 0x00007fff43f78000 	C:\Windows\SYSTEM32\CRYPTSP.dll
0x00007fff43330000 - 0x00007fff43364000 	C:\Windows\system32\rsaenh.dll
0x00007fff44280000 - 0x00007fff442ae000 	C:\Windows\SYSTEM32\USERENV.dll
0x00007fff43b80000 - 0x00007fff43b8c000 	C:\Windows\SYSTEM32\CRYPTBASE.dll
0x00007fff436f0000 - 0x00007fff4372b000 	C:\Windows\SYSTEM32\IPHLPAPI.DLL
0x00007fff46520000 - 0x00007fff46528000 	C:\Windows\System32\NSI.dll
0x00007fff3ef70000 - 0x00007fff3ef87000 	C:\Windows\SYSTEM32\dhcpcsvc6.DLL
0x00007fff3ef50000 - 0x00007fff3ef6d000 	C:\Windows\SYSTEM32\dhcpcsvc.DLL
0x00007fff43730000 - 0x00007fff437fa000 	C:\Windows\SYSTEM32\DNSAPI.dll

dbghelp: loaded successfully - version: 4.0.5 - missing functions: none
symbol engine: initialized successfully - sym options: 0x614 - pdb path: .;C:\Program Files\Java\jdk-17\bin;C:\Windows\SYSTEM32;C:\Windows\WinSxS\amd64_microsoft.windows.common-controls_6595b64144ccf1df_6.0.19041.4355_none_60b8b9eb71f62e16;C:\Program Files\Java\jdk-17\bin\server;C:\Users\admin\.gradle\native\c067742578af261105cb4f569cf0c3c89f3d7b1fecec35dd04571415982c5e48\windows-amd64

VM Arguments:
jvm_args: -Xmx64m -Xms64m -Dorg.gradle.appname=gradlew 
java_command: org.gradle.wrapper.GradleWrapperMain app:installDebug -PreactNativeDevServerPort=8081
java_class_path (initial): C:\Users\admin\Sanju-Project\ReactNative\Ride\android\\gradle\wrapper\gradle-wrapper.jar
Launcher Type: SUN_STANDARD

[Global flags]
     intx CICompilerCount                          = 2                                         {product} {ergonomic}
     uint ConcGCThreads                            = 1                                         {product} {ergonomic}
     uint G1ConcRefinementThreads                  = 2                                         {product} {ergonomic}
   size_t G1HeapRegionSize                         = 1048576                                   {product} {ergonomic}
    uintx GCDrainStackTargetSize                   = 64                                        {product} {ergonomic}
   size_t InitialHeapSize                          = 67108864                                  {product} {command line}
   size_t MarkStackSize                            = 4194304                                   {product} {ergonomic}
   size_t MaxHeapSize                              = 67108864                                  {product} {command line}
   size_t MaxNewSize                               = 39845888                                  {product} {ergonomic}
   size_t MinHeapDeltaBytes                        = 1048576                                   {product} {ergonomic}
   size_t MinHeapSize                              = 67108864                                  {product} {command line}
    uintx NonNMethodCodeHeapSize                   = 5826188                                {pd product} {ergonomic}
    uintx NonProfiledCodeHeapSize                  = 122916026                              {pd product} {ergonomic}
    uintx ProfiledCodeHeapSize                     = 122916026                              {pd product} {ergonomic}
    uintx ReservedCodeCacheSize                    = 251658240                              {pd product} {ergonomic}
     bool SegmentedCodeCache                       = true                                      {product} {ergonomic}
   size_t SoftMaxHeapSize                          = 67108864                               {manageable} {ergonomic}
     bool UseCompressedClassPointers               = true                           {product lp64_product} {ergonomic}
     bool UseCompressedOops                        = true                           {product lp64_product} {ergonomic}
     bool UseG1GC                                  = true                                      {product} {ergonomic}
     bool UseLargePagesIndividualAllocation        = false                                  {pd product} {ergonomic}

Logging:
Log output configuration:
 #0: stdout all=warning uptime,level,tags
 #1: stderr all=off uptime,level,tags

Environment Variables:
JAVA_HOME=C:\Program Files\Java\jdk-17
CLASSPATH=C:\Users\admin\Sanju-Project\ReactNative\Ride\android\\gradle\wrapper\gradle-wrapper.jar
PATH=C:\Users\admin\Sanju-Project\ReactNative\Ride\node_modules\.bin;C:\Users\admin\Sanju-Project\ReactNative\Ride\node_modules\.bin;C:\Users\admin\Sanju-Project\ReactNative\node_modules\.bin;C:\Users\admin\Sanju-Project\node_modules\.bin;C:\Users\admin\node_modules\.bin;C:\Users\node_modules\.bin;C:\node_modules\.bin;C:\Program Files\nodejs\node_modules\npm\node_modules\@npmcli\run-script\lib\node-gyp-bin;C:\Users\admin\Sanju-Project\ReactNative\Ride\node_modules\.bin;C:\Users\admin\Sanju-Project\ReactNative\Ride\node_modules\.bin;C:\Users\admin\Sanju-Project\ReactNative\node_modules\.bin;C:\Users\admin\Sanju-Project\node_modules\.bin;C:\Users\admin\node_modules\.bin;C:\Users\node_modules\.bin;C:\node_modules\.bin;C:\Program Files\nodejs\node_modules\npm\node_modules\@npmcli\run-script\lib\node-gyp-bin;C:\Program Files\Microsoft\jdk-17.0.12.7-hotspot\bin;C:\Program Files\Common Files\Oracle\Java\javapath;C:\Windows\system32;C:\Windows;C:\Windows\System32\Wbem;C:\Windows\System32\WindowsPowerShell\v1.0\;C:\Windows\System32\OpenSSH\;C:\ProgramData\chocolatey\bin;C:\Program Files\OpenJDK\openjdk-11.0.15_10\bin;C:\Program Files\Git\cmd;C:\Users\admin\AppData\Local\Android\Sdk\platform-tools;C:\Program Files\nodejs\;C:\Users\admin\AppData\Local\Android\Sdk\tools;C:\Users\admin\AppData\Local\jdk-11.0.2\bin;C:\Users\admin\AppData\Local\Microsoft\WindowsApps;C:\Users\admin\AppData\Local\Programs\Microsoft VS Code\bin;C:\Users\admin\AppData\Local\Android\Sdk\platform-tools;C:\MinGW\bin;C:\Users\admin\AppData\Roaming\npm
USERNAME=admin
LANG=en_US.UTF-8
OS=Windows_NT
PROCESSOR_IDENTIFIER=Intel64 Family 6 Model 60 Stepping 3, GenuineIntel



---------------  S Y S T E M  ---------------

OS:
 Windows 10 , 64 bit Build 19041 (10.0.19041.4957)
OS uptime: 0 days 4:41 hours
Hyper-V role detected

CPU: total 2 (initial active 2) (2 cores per cpu, 1 threads per core) family 6 model 60 stepping 3 microcode 0x27, cx8, cmov, fxsr, mmx, sse, sse2, sse3, ssse3, sse4.1, sse4.2, popcnt, lzcnt, tsc, tscinvbit, erms, clmul, clflush, hv

Memory: 4k page, system-wide physical 8111M (549M free)
TotalPageFile size 10546M (AvailPageFile size 1M)
current process WorkingSet (physical memory assigned to process): 94M, peak: 98M
current process commit charge ("private bytes"): 151M, peak: 155M

vm_info: Java HotSpot(TM) 64-Bit Server VM (17.0.11+7-LTS-207) for windows-amd64 JRE (17.0.11+7-LTS-207), built on Mar 11 2024 19:01:50 by "mach5one" with MS VC++ 17.6 (VS2022)

END.
